2 152.21465397478423 -2.656089840962252E7 -338255.94248974737 -483079.55003540794
5 152.22943075697668 -1.821647604379851E7 -1.5658490232665488E7 1.1349043635470554E7
8 152.23242857750623 -6080255.965584821 -1.6892881938754786E7 1.9582904137457315E7
15 152.23167600027708 -3164379.210982352 -1.5129983276635757E7 2.160785545856889E7
18 152.23097353780912 1718976.8667731152 -2.0524214800063577E7 1.6781860225640368E7
21 152.2201373073644 1.6674752603900235E7 -1.9589752143764105E7 6635008.952909685
5 153.22654343506687 -1.821584573449462E7 -1.566118030542395E7 1.134634315004951E7
8 153.2322041803576 -6077673.606242584 -1.6895415890594047E7 1.9581519672395825E7
15 153.23211659594506 -3160530.4068489186 -1.5130247937968306E7 2.1608233434123427E7
18 153.2322309088538 1721699.592969949 -2.0522332145744845E7 1.678388337280366E7
21 153.2234785771769 1.6675998960499482E7 -1.9587663640154585E7 6638041.808407517
5 154.2232309516387 -1.8215215308979783E7 -1.5663868900174769E7 1.1343643576304153E7
8 154.23111278341884 -6075093.357261892 -1.6897947286267713E7 1.9580135992164366E7
9 154.2140218097426 1.771180345606914E7 -1.7374847868393883E7 -9499251.925511073
15 154.23173213201252 -3156684.7096093134 -1.5130512059330251E7 2.1608610638520025E7
18 154.232312192433 1724419.0843759032 -2.0520451265974406E7 1.6785903786296103E7
21 154.22573651579216 1.6677243614883834E7 -1.958557697281256E7 6641071.247353884
22 154.21409083104874 8513830.224855132 1.4276859672417752E7 2.0724745596919037E7
0 155.21437438030884 2.656063786856503E7 344920.8829594243 492598.07148223196
1 155.21514297647585 -601354.1854224674 1.5234555977198575E7 2.1757200752437305E7
5 155.21988182962144 -1.8214584521786045E7 -1.5666557065143522E7 1.1340943862126028E7
8 155.22941923993093 -6072514.534848097 -1.690047679769409E7 1.957875273083662E7
9 155.21468016803703 1.771268986290246E7 -1.7372381631414745E7 -9502109.320234966
12 155.21674433080182 2.6379695971905652E7 -1808426.3519104351 2582700.4898207975
15 155.23070918703698 -3152841.4016920906 -1.5130775690720592E7 2.1608987143164653E7
18 155.2313675280073 1727135.7493239641 -2.0518571879862897E7 1.6787921770573236E7
19 155.21521980764481 1.864490362411812E7 1.2900056534860207E7 1.3848653996159252E7
21 155.22675157413323 1.6678486370131055E7 -1.9583492475415327E7 6644096.787922629
22 155.21687348128435 8511391.11996768 1.427972387759719E7 2.072377413607609E7
0 156.2169453056942 2.656054965670831E7 347148.4344199716 495779.34466052806
1 156.217270456528 -605236.0851155949 1.52345054031577E7 2.175712852522164E7
5 156.21681455688318 -1.821395317121154E7 -1.5669245659176134E7 1.1338243144768205E7
8 156.22741940429646 -6069936.374981364 -1.690300517494525E7 1.957736947907028E7
9 156.21433727068916 1.771357500612105E7 -1.7369917492702845E7 -9504963.653786346
12 156.21920669840944 2.6380156647766307E7 -1806214.192004601 2579541.1980606853
15 156.22928524485647 -3148999.569625289 -1.5131038895307355E7 2.1609363038270608E7
18 156.2296653382186 1729850.3177584663 -2.051669348367003E7 1.6789937868731458E7
19 156.21874590298893 1.864465065318868E7 1.2903059428975696E7 1.3846196829940427E7
21 156.2265352148441 1.6679727241763398E7 -1.9581410125685297E7 6647118.465219721
22 156.21981796677173 8508951.439352266 1.4282588239523668E7 2.0722802075094607E7
0 157.21857539681548 2.6560460960579596E7 349373.8880865998 498957.62187862006
1 157.2196643675993 -609119.003938164 1.5234454490123266E7 2.1757055813872997E7
4 157.21507585090495 -4346289.26062722 1.8488236047867984E7 1.8577513417081725E7
5 157.21426540623685 -1.8213321107176185E7 -1.5671935319013191E7 1.1335540783929871E7
8 157.2253934700134 -6067358.153949443 -1.6905533128000915E7 1.9575985848747108E7
12 157.22066354983448 2.638061629852369E7 -1804004.2124480808 2576385.0201621004
15 157.22770686539866 -3145158.2649535523 -1.5131301738340985E7 2.160973841702517E7
18 157.22752863607872 1732563.6680234731 -2.0514815470433768E7 1.6791952733701833E7
19 157.2218577175401 1.8644397387566265E7 1.2906060807205452E7 1.3843740381696256E7
21 157.225267887811 1.6680966454932451E7 -1.9579329549251452E7 6650136.825044055
22 157.22271207416262 8506511.69924358 1.4285452152013663E7 2.0721829619600203E7
0 158.21917995248802 2.6560371789350208E7 351597.05574191513 502132.6343342122
1 158.22214451311004 -613002.24378266 1.523440324707699E7 2.1756982631218597E7
4 158.21765621114304 -4348952.341191004 1.848594432079152E7 1.8579170685561437E7
8 158.22357647824683 -6064779.264553347 -1.6908061252088368E7 1.9574601513912152E7
12 158.22105911687723 2.638107490031346E7 -1801796.5364745117 2573232.1321209157
15 158.22619713270365 -3141316.629478494 -1.5131564278586041E7 2.161011336335284E7
18 158.22527589387724 1735276.6660690878 -2.0512937241177645E7 1.6793967008788705E7
19 158.22430779627896 1.8644143890375737E7 1.2909059929527488E7 1.3841285257930808E7
21 158.22325022518174 1.6682204383589486E7 -1.957725012100004E7 6653152.776280697
22 158.22534092899716 8504072.422504734 1.4288315001544377E7 2.0720856978175793E7
0 159.21881474604385 2.656028213974357E7 353818.06127944856 505304.5589656038
1 159.22451838870865 -616885.058875336 1.5234351683869833E7 2.1756908991327077E7
4 159.2202571934203 -4351615.383548589 1.8483652151336923E7 1.858082759089652E7
8 159.22214400321388 -6062199.253122418 -1.691058999151583E7 1.9573216230728842E7
12 159.22048355514514 2.638153249616639E7 -1799590.9652921832 2570082.250033145
15 159.22493556228508 -3137473.9725739905 -1.5131826563085537E7 2.1610487944437996E7
18 159.2231816018878 1737990.0582084486 -2.0511058279194057E7 1.6795981248074003E7
19 159.22592261582824 1.8643890206395306E7 1.2912056277349813E7 1.3838831884339394E7
21 159.22083313565147 1.6683441463597203E7 -1.9575171110527266E7 6656167.379572431
22 159.2275109333316 8501634.080385638 1.4291176235596925E7 2.0719884339129776E7
0 160.21766166869287 2.6560191996938124E7 356037.30880073254 508473.9728895928
1 160.22659986343623 -620766.7281405369 1.5234299810271904E7 2.1756834908151586E7
4 160.222653908561 -4354277.790332878 1.8481360053808585E7 1.8582483761507303E7
8 160.2212075217997 -6059617.831517028 -1.6913119628055695E7 1.9571829844028845E7
12 160.21915004933473 2.638198918513599E7 -1797387.028582445 2566934.702214147
15 160.22404824337224 -3133629.809129597 -1.5132088624646818E7 2.1610862207134377E7
18 160.22145644419365 1740704.4172231837 -2.0509178187480066E7 1.6797995876491684E7
19 160.22663801920956 1.864363635291322E7 1.291504965939744E7 1.3836380418888846E7
21 160.21835615702096 1.6684678116226476E7 -1.9573091810550366E7 6659181.661004553
22 160.22907766622419 8499197.02461229 1.4294035442268081E7 2.0718911843351852E7
0 161.2159865667312 2.6560101338052824E7 358255.38893328625 511641.7196096937
1 161.22823227458116 -624646.6446603485 1.52342476347552E7 2.1756760393791407E7
4 161.22463997581002 -4356939.013416821 1.84790685005327E7 1.8584138856739286E7
8 161.2208148030356 -6057034.8761635255 -1.6915650282045305E7 1.957044228690449E7
12 161.21734584000583 2.6382445099600207E7 -1795184.0925571462 2563788.5835206364
15 161.22360455787145 -3129783.8721929607 -1.5132350481068268E7 2.1611236176860727E7
18 161.22024045132923 1743420.1237570806 -2.0507296701776534E7 1.6800011176126167E7
19 161.22651422098488 1.8643382315695096E7 1.2918040256439803E7 1.3833930714891123E7
21 161.2161076499452 1.6685914698849045E7 -1.9571011619931176E7 6662196.491836016
22 161.22997124373867 8496761.425627982 1.429689242257981E7 2.071793955956336E7
0 162.21408708054793 2.6560010136692073E7 360472.9629365407 514808.74350224464
1 162.22931228880256 -628524.4081005871 1.5234195163191061E7 2.1756685456631675E7
4 162.2260566962077 -4359598.631383838 1.8476777855083413E7 1.858579261499804E7
8 162.22095269872432 -6054450.420883777 -1.691818191956469E7 1.956905357696572E7
11 162.21543135301906 -1.7718880740821894E7 1.7355117133092076E7 9522094.404581638
12 162.21537772059716 2.638290038020702E7 -1792981.480231408 2560642.927118008
15 162.22361765033114 -3125936.1111803534 -1.5132612135353323E7 2.161160985790638E7
18 162.21960283848594 1746137.3658891548 -2.05054136910267E7 1.680202728601167E7
19 162.22572153295218 1.8643128052372415E7 1.292102857843179E7 1.3831482355798809E7
21 162.21430516980547 1.6687151480711916E7 -1.956893008471693E7 6665212.5292307455
22 162.23021013434058 8494327.238903375 1.429974722979428E7 2.0716967470723007E7
1 163.22980808101278 -632399.8951243233 1.5234142397801759E7 2.1756610099846113E7
4 163.22682034291594 -4362256.421981046 1.847448830974842E7 1.858744489870607E7
8 163.22155143797394 -6051864.645836056 -1.6920714363414574E7 1.956766381050113E7
11 163.2169481170839 -1.7719764888269424E7 1.735264582069898E7 9524952.62909021
15 163.22404717087343 -3122086.6813410968 -1.5132873576517243E7 2.161198323458352E7
18 163.21954476624643 1748856.1466528552 -2.050352915232667E7 1.6804044207826428E7
19 163.2245022264336 1.8642873501952168E7 1.2924015350320145E7 1.382903474850935E7
22 163.2298969281854 8491894.215153499 1.4302600157206593E7 2.071599547794642E7
1 164.22976510549705 -636273.2817418327 1.5234089336737292E7 2.175653432079266E7
4 164.2269383895116 -4364912.405180695 1.8472199848244574E7 1.8589095720937937E7
5 164.21487350408995 -1.8208874121509958E7 -1.5690803359395517E7 1.1316567519542644E7
8 164.22249075050564 -6049277.861726365 -1.6923247308712687E7 1.9566273154087275E7
11 164.21781739536516 -1.7720648086434305E7 1.7350175736170124E7 9527808.802728247
15 164.22480400832612 -3118235.9255629317 -1.513313478090791E7 2.1612356273113403E7
18 164.22000357615184 1751576.2955647237 -2.050164320308848E7 1.6806061814555243E7
19 164.22312409628057 1.8642618596537065E7 1.2927001373101262E7 1.3826587237075841E7
22 164.2291968383816 8489461.952591104 1.430545167667309E7 2.0715023421238493E7
1 165.2292965579936 -640145.0063599544 1.5234035974460956E7 2.1756458111564074E7
4 165.22650759291497 -4367566.838047021 1.8469912249926303E7 1.859074524207662E7
5 165.21630526620265 -1.820823643159855E7 -1.56935010817209E7 1.1313852443337427E7
8 165.22360900479072 -6046690.486222943 -1.692578034610471E7 1.9564881831992153E7
11 165.21799565455532 -1.772153029763996E7 1.734770698773733E7 9530662.801611355
15 165.22575764071755 -3114384.346103758 -1.5133395714199403E7 2.161272892447354E7
18 165.2208586601537 1754297.48459445 -2.049975607011103E7 1.6808079862437345E7
19 165.22184009112445 1.8642363271604E7 1.2929987403091092E7 1.382413920162973E7
22 165.228306692132 8487029.972353213 1.430830235004614E7 2.071405110953969E7
1 166.22856156696113 -644015.6853008542 1.5233982302814651E7 2.175638146050939E7
4 166.2256939177414 -4370220.161385134 1.846762513556711E7 1.8592393736519594E7
5 166.21745750224338 -1.82075985314472E7 -1.5696197716423826E7 1.1311137883747747E7
8 166.2247170332698 -6044103.008249149 -1.6928312996812187E7 1.9563490107039016E7
11 166.2175436760523 -1.7722411576227255E7 1.7345239426157404E7 9533514.799519693
15 166.22674731715296 -3110532.5615774845 -1.5133656334368343E7 2.1613101128648322E7
18 166.22194027105678 1757019.2521296428 -2.0497868073088683E7 1.6810098008830216E7
19 166.22086030867428 1.8642107473209593E7 1.2932974068226805E7 1.3821690127059575E7
22 166.2274238912204 8484597.794035947 1.4311152740577916E7 2.0713078350884248E7
1 167.2277381802959 -647886.008162719 1.5233928312408727E7 2.1756304354218785E7
4 167.2247016160575 -4372872.917604993 1.8465338038017947E7 1.8594041541547243E7
5 167.2181331549138 -1.8206960547067415E7 -1.5698892733045883E7 1.130842437541278E7
8 167.2256180258999 -6041515.936580083 -1.6930844762999196E7 1.9562098252995558E7
11 167.21661371934735 -1.772329205704754E7 1.734277267621627E7 9536365.23116969
15 167.22759827995603 -3106681.244539766 -1.5133916595958443E7 2.161347282071946E7
18 167.223043283981 1759741.0403993647 -2.04959795987561E7 1.6812115840032984E7
19 167.22033563542138 1.864185116227368E7 1.2935961819221398E7 1.3819239643188106E7
21 167.21422145513185 1.6693341130008483E7 -1.955849754920404E7 6680317.566966886
22 167.22672157100283 8482164.99617205 1.4314003342061587E7 2.0712104976601087E7
