3 102123.13090083712 1.931720386973753E7 1.0461674794333411E7 1.494082000471148E7
11 102123.13823210666 7357109.660674423 -2.418550809415012E7 8170877.73309516
14 102123.14252919114 1.5330835637398731E7 -1.2445347607971005E7 1.7773798379536536E7
16 102123.12397692227 -1.2686021710083142E7 -2.3323043880405765E7 964149.6691624988
17 102123.1410895654 1.3772472641094342E7 -6592370.892578548 2.1741406362642948E7
20 102123.14060060901 1.8084749310169097E7 -4973881.854116944 1.8815723450088352E7
23 102123.12548022946 4853527.855400607 -2.3720971233014923E7 -1.093562519382906E7
2 103220.54760590485 2.108479423449338E7 -9271035.147046464 -1.324041036569049E7
3 103220.55331112015 1.6163538975350937E7 1.2093748852285959E7 1.7271663317431923E7
11 103220.55524620567 1.0007201812756196E7 -2.4127661449292023E7 4851903.969339969
14 103220.56261003224 1.859282838499543E7 -1.0884900741970334E7 1.5545249298230695E7
17 103220.56075484387 1.56181883234334E7 -2791171.0018033665 2.1309872481857814E7
20 103220.56057191173 1.70801104724947E7 -1129950.4083696192 2.0318025139825534E7
23 103220.54706325122 7673629.33598811 -2.4210485364387523E7 -7797237.87601867
2 104317.97165583455 2.3391273761023223E7 -7225183.2321122065 -1.0318631031287596E7
3 104317.97450103732 1.2596712847568668E7 1.3416686443655014E7 1.9161014001589853E7
11 104317.97134803793 1.240149484140013E7 -2.3453080817299794E7 1408912.0400189867
14 104317.98215811512 2.137956007804798E7 -9046220.87967291 1.291934231785376E7
17 104317.9807414964 1.7064680980992977E7 1081376.3743251725 2.033362720752419E7
20 104317.97977126336 1.5638880329619553E7 2742861.5020556357 2.130096805492558E7
23 104317.96719015704 1.0297577794379435E7 -2.4081143047356352E7 -4459545.757366353
2 105415.3946145235 2.5099832489827424E7 -4994646.04700176 -7133093.796407945
3 105415.39452654793 8707899.967951704 1.4396672408439316E7 2.0560579003831804E7
5 105415.38648012052 1.8584139692379482E7 8225841.698238143 -1.711123570962169E7
6 105415.38721571256 2290200.8949456597 2.2798245226712454E7 1.3447085249378512E7
11 105415.38688138264 1.44787888717548E7 -2.2179010358937833E7 -2070091.680544084
14 105415.40080800702 2.3619797948988922E7 -6976308.407755694 9963200.946954546
17 105415.4010428018 1.807497578647491E7 4926283.285833715 1.8837624334470663E7
20 105415.39870632638 1.3797898709843565E7 6545561.082285812 2.1739427972500626E7
23 105415.385838426 1.2658302137845293E7 -2.3336252928400133E7 -1007865.819113489
2 106512.81589736902 2.6166798386640176E7 -2636441.419495773 -3765228.5581452395
3 106512.81372442102 4596503.637124263 1.5008658133815838E7 2.1434585197682913E7
5 106512.81089792695 1.8711605098571435E7 1.1754030368736207E7 -1.474949870288895E7
6 106512.80976243425 -700790.7456111456 2.1195927672693107E7 1.6002207650365263E7
14 106512.81835257504 2.525627955439348E7 -4728074.110556485 6752389.616720237
17 106512.82143606033 1.8623247671921346E7 8645267.459981162 1.6860103912972987E7
20 106512.81782781993 1.160422299682401E7 1.0180947514887618E7 2.1622197473884672E7
2 107610.23522676597 2.6564901160344258E7 -210849.6951526968 -301124.5718545064
3 107610.23259507451 367615.42129907117 1.5237001258640269E7 2.1760692976254184E7
5 107610.23488350364 1.836077102874317E7 1.4981765297762334E7 -1.2010741153376425E7
6 107610.23101383707 -3673865.6030247444 1.9051811673248973E7 1.814828616587655E7
8 107610.2258328426 6714446.928562553 1.62556747123809E7 -1.9912266303697262E7
14 107610.2348488826 2.624717614264573E7 -2358986.197648497 3368981.4361038567
17 107610.24153863497 1.8695481940772284E7 1.214326496559959E7 1.4451615073689133E7
18 107610.2244551997 -1046009.0496216078 2.0975387540714987E7 -1.627169597323857E7
20 107610.2374152095 9113925.814122848 1.355609588943587E7 2.0952272615438763E7
2 108707.65275952611 2.6283968231989775E7 2220127.697497545 3170670.9458940784
3 108707.65164685232 -3870670.2548425486 1.5075865191939674E7 2.1530566823781468E7
5 108707.65770334749 1.754060663590314E7 1.7826538929297037E7 -8964972.722063811
6 108707.65099136678 -6553027.6350605795 1.6420705837188566E7 1.9830465347117648E7
8 108707.64974408963 3842957.348036814 1.8912901876754038E7 -1.825822906751976E7
14 108707.65061633565 2.6567160988388814E7 70398.83246067383 -100539.95225568762
15 108707.6446773519 -122713.60758550101 1.523829758465519E7 -2.176254432166849E7
17 108707.6609252529 1.8289832805854592E7 1.5330860923638165E7 1.167372376470034E7
18 108707.6460259671 -4012103.488778872 1.8772065718763314E7 -1.836686368181404E7
20 108707.65752406251 6390662.256672608 1.6584732323483571E7 1.974677687472362E7
2 109805.06901517768 2.533118332027709E7 4594352.942780088 6561415.997501149
3 109805.0712694392 -8010018.244092161 1.452936834692842E7 2.075008844388779E7
5 109805.07870750496 1.6272078957545523E7 2.021563439846554E7 -5690050.9248653585
6 109805.07001665648 -9264682.48848 1.3369865680818764E7 2.1005748197222035E7
8 109805.07387194203 873234.8938903862 2.1086684676318485E7 -1.613748113684994E7
9 109805.06575523411 -1.8704349748850603E7 1.1948925608097032E7 1.460135557218629E7
14 109805.06614051925 2.6208055906861242E7 2497983.846451477 -3567490.6511836825
15 109805.06674653717 -4355104.2489571385 1.5032323089966955E7 -2.146838225763977E7
17 109805.07928665828 1.741667046931896E7 1.8126575790752333E7 8597438.404888073
18 109805.06721203797 -6875641.452196642 1.608890221670551E7 -1.9992545794438086E7
20 109805.07798506643 3504043.091984391 1.9189439533269625E7 1.8036524046198186E7
21 109805.06456825399 -1.839393125868899E7 1.4805101131755522E7 -1.2177905427030351E7
2 110902.48466584244 2.3730901951059725E7 6851139.437509328 9784441.131591238
3 110902.49166006781 -1.194462130547519E7 1.3611479183945375E7 1.943920686536337E7
5 110902.49758588252 1.458761613368364E7 2.2087984787492875E7 -2269689.5876652957
6 110902.48859836104 -1.1739518046879591E7 9977274.329763222 2.164409435010429E7
8 110902.49759277872 -2118807.7785154604 2.272145657256865E7 -1.3604233608666068E7
9 110902.48705234952 -1.860446323245631E7 8435668.189704234 1.698654047432771E7
15 110902.48952561639 -8476174.273915567 1.4442098585179131E7 -2.062545430759669E7
17 110902.49656545822 1.6098315518611193E7 2.0458948322677404E7 5301393.991568386
18 110902.48824746376 -9563427.278399527 1.2994482515687043E7 -2.1107188114498995E7
20 110902.4984502721 527855.3984421407 2.1303636330229443E7 1.5865231011499446E7
21 110902.48756282903 -1.871728117752636E7 1.1557696930235684E7 -1.4896715552457126E7
3 111999.92279623446 -1.5573935972930497E7 1.2345646552398138E7 1.7631410515750054E7
5 111999.9245166333 1.2530257026092242E7 2.3395742716686636E7 1208713.7193108983
6 111999.91727245032 -1.3914293651959877E7 6329615.544541879 2.1729185591869365E7
8 111999.93015164793 -5056713.511912549 2.377543709980814E7 -1.0723215302887833E7
9 111999.91703624814 -1.8029012025101252E7 4706752.182773805 1.8937537235588178E7
15 111999.9228861288 -1.2380616126131201E7 1.3482700192615464E7 -1.92552914055853E7
17 111999.92299378687 1.4368450203464473E7 2.2268375708450664E7 1869809.96853317
18 111999.91943576159 -1.2006778797157872E7 9567871.326776132 -2.1682301733232927E7
20 111999.92848998208 -2461850.9785384936 2.287329190166144E7 1.3288375167846452E7
21 111999.91991396791 -1.856218417771767E7 8014828.349197796 -1.7234760002563514E7
