3 102122.92090076514 1.9317762476093046E7 1.0461335446683494E7 1.4940335366041657E7
11 102122.92823233681 7356582.298548755 -2.418545979623865E7 8171495.492857062
14 102122.9325292086 1.5330171094156822E7 -1.2445616916763809E7 1.7774182992352173E7
16 102122.91397653228 -1.2686443511907207E7 -2.332284196351253E7 963483.7958089875
17 102122.93108970538 1.3772084102596132E7 -6593085.201738751 2.174143588299109E7
20 102122.93060075484 1.80848979512536E7 -4974608.35111587 1.881538851861241E7
23 102122.91547972655 4852973.971900626 -2.3720818885406412E7 -1.09362014563733E7
3 102232.66093632569 1.902339387033753E7 1.0637324006783057E7 1.5191673077357266E7
11 102232.66810978233 7631214.532248114 -2.4207606255355142E7 7847641.136613974
14 102232.67251827728 1.5675467949950261E7 -1.230329894885466E7 1.7570931870159138E7
16 102232.65418000153 -1.2464409652489588E7 -2.342537213518974E7 1311312.1685472769
17 102232.6710156027 1.3973354095642637E7 -6218980.802789496 2.17232308912119E7
20 102232.67052241605 1.800491393236263E7 -4594342.0983025925 1.8988001533404157E7
23 102232.65574216927 5141784.957260872 -2.379739579503568E7 -1.0633678013193926E7
3 102342.40096739416 1.8724152505509764E7 1.0810587848958619E7 1.5439119488200774E7
11 102342.40798291574 7903892.053751729 -2.4223552043739107E7 7521776.654985402
14 102342.41250359455 1.6016749584872132E7 -1.215782954448332E7 1.7363180030264243E7
16 102342.39438311687 -1.2239183071968779E7 -2.3521901966462206E7 1658804.651414382
17 102342.41093935512 1.4171044869455228E7 -5843283.44563411 2.1699461586464427E7
20 102342.41043960389 1.792031803500609E7 -4212899.03990297 1.915575084574865E7
23 102342.39600430084 5429278.887314167 -2.3867877065054134E7 -1.0328430782641063E7
3 102452.1509939382 1.8420087110413473E7 1.0981098001344837E7 1.5682633222460445E7
11 102452.15785179121 8174569.587081315 -2.4233293682514068E7 7193955.561689912
14 102452.16248513432 1.6353959117011333E7 -1.2009232285063433E7 1.715096115041639E7
16 102452.14458588757 -1.2010800511106731E7 -2.3612414703491587E7 2005903.839497927
17 102452.16086097997 1.4365123303419717E7 -5466054.926678365 2.1670131131967414E7
20 102452.16035236239 1.7831123593068767E7 -3830341.9775520605 1.9318608102145687E7
23 102452.14626608328 5715408.126517872 -2.393225022826004E7 -1.0020509778442452E7
2 102561.88400590784 1.9437285756273586E7 -1.0388244079277616E7 -1.48359500753709E7
3 102561.89101592125 1.811133098029947E7 1.114877971690447E7 1.5922107530304035E7
11 102561.89771650059 8443128.47466147 -2.4236826901919946E7 6864321.564969877
14 102561.9024628771 1.6686948722674957E7 -1.1857572312192097E7 1.6934368262457628E7
16 102561.88478826739 -1.1779362087275146E7 -2.3696870667763818E7 2352457.572990329
17 102561.90078051627 1.455550431881269E7 -5087460.613170027 2.1635252385748796E7
20 102561.90026076164 1.773736970759486E7 -3446838.6143140425 1.9476501910855293E7
23 102561.8865274061 6000047.242594409 -2.3990487065048326E7 -9710049.9859148
2 102671.6342277447 1.9724677910246424E7 -1.02084712707813E7 -1.4579207897250451E7
3 102671.64103331581 1.779790694768778E7 1.1313620596244607E7 1.6157524703563267E7
11 102671.64757709096 8709548.857758842 -2.4234151441390757E7 6532899.040290628
14 102671.65243679713 1.701569377844727E7 -1.1702860841112537E7 1.6713417383415215E7
16 102671.63499028662 -1.154488491508389E7 -2.3775263613929458E7 2698440.2246872727
17 102671.65069797261 1.47421738377135E7 -4707528.501153011 2.1594827927308146E7
20 102671.65016483952 1.763906331192499E7 -3062417.309147174 1.9629420596724644E7
23 102671.63678825645 6283175.186642781 -2.404258326891228E7 -9397074.363436513
2 102781.37445113897 2.0006991234332148E7 -1.0026099848577335E7 -1.4318754514143135E7
3 102781.3810460931 1.7479952410378955E7 1.1475548377626967E7 1.6388781541780656E7
11 102781.38743365859 8973713.945044292 -2.4225268474467702E7 6199833.274617865
14 102781.39240687896 1.734005017128971E7 -1.1545165693723844E7 1.6488205372999147E7
16 102781.37519189932 -1.1307471783632677E7 -2.3847559176498335E7 3043700.1242469363
17 102781.39061338876 1.4925050029278625E7 -4326425.143039629 2.1548875477986895E7
20 102781.39006467152 1.7536247501517016E7 -2677246.5822955677 1.9777297124827374E7
23 102781.37704852255 6564667.842086403 -2.40885160021962E7 -9081720.112159053
2 102891.12467605989 2.0284204851408686E7 -9841143.29881801 -1.4054609186270457E7
3 102891.13105423124 1.7157490881049562E7 1.1634551087183842E7 1.6615860944500906E7
11 102891.13728625147 9235604.202712523 -2.4210178658692535E7 5865148.897138716
14 102891.1423730985 1.7659993916237358E7 -1.1384498531542016E7 1.625874888558026E7
16 102891.12539313367 -1.106714024935666E7 -2.391375200936957E7 3388211.740140014
17 102891.14052677249 1.5104119370551456E7 -3944178.7203909704 2.1497398436144024E7
20 102891.1399602982 1.742892987978379E7 -2291354.915957913 1.9920120560761556E7
23 102891.12730819033 6844504.392709763 -2.412828186829691E7 -8764010.552410986
2 103000.86490239241 2.055619723739269E7 -9653682.701966641 -1.378688770853449E7
3 103000.8710577058 1.6830663719275124E7 1.1790559022509098E7 1.683866336637162E7
11 103000.87713497318 9495104.825349635 -2.4188888609700955E7 5528992.624672375
14 103000.8823354444 1.797538475856424E7 -1.1220929787274871E7 1.6025148509489827E7
16 103000.86559394668 -1.0823995667758053E7 -2.3973813095289856E7 3731824.0469030025
17 103000.88043816214 1.527930336240866E7 -3560956.8001406505 2.1440419368277285E7
20 103000.87985179812 1.731715749244033E7 -1904911.4748998964 2.005782829509198E7
23 103000.86756715148 7122562.164823341 -2.4161863434910107E7 -8444084.960583989
2 103110.6151301033 2.082294827839352E7 -9463731.920538682 -1.3515609878659043E7
3 103110.62105649905 1.6499495093798196E7 1.1943560647524714E7 1.7057172332165975E7
11 103110.62697987327 9752196.624091819 -2.4161399902465545E7 5191389.314891563
14 103110.63229389413 1.8286199376328945E7 -1.1054471556761665E7 1.5787421519376568E7
16 103110.61579436659 -1.0578056019103998E7 -2.402773799288572E7 4074511.6348482477
17 103110.63034756434 1.5450589050712522E7 -3176787.7204935527 2.1377942488123216E7
20 103110.62973921346 1.7200938605180584E7 -1517944.835382699 2.019041014536662E7
23 103110.61782539118 7398820.5962280035 -2.418925821881636E7 -8121966.995059599
2 103220.3553590766 2.1084341036884468E7 -9271374.224367237 -1.3240894618290285E7
3 103220.36105059518 1.6164130181113426E7 1.2093488890578605E7 1.7271292053637743E7
11 103220.36682105921 1.0006766897059793E7 -2.41277245879344E7 4852486.96415294
14 103220.37224844116 1.859230151682479E7 -1.0885196811349591E7 1.5545672129124537E7
16 103220.35599434859 -1.0329429117360294E7 -2.4075503062869053E7 4416124.278119008
17 103220.37025501774 1.5617901348493174E7 -2791839.8912082072 2.1309995184212826E7
20 103220.36962262777 1.7080324165769283E7 -1130624.6333608846 2.0317807991790242E7
23 103220.35808280131 7673158.581807594 -2.4210454210922275E7 -7797797.864772353
2 103330.09558925395 2.134033310376424E7 -9076641.689731857 -1.2962787737102928E7
3 103330.10103998039 1.5824624904534027E7 1.2240319427642766E7 1.7480987792474795E7
11 103330.10665859753 1.0258773974739382E7 -2.4087869070019085E7 4512341.682697359
14 103330.11219906872 1.8893641304954574E7 -1.071313387366585E7 1.5299940787637312E7
16 103330.0961939049 -1.0078156363908123E7 -2.411710126386877E7 4756605.742911383
17 103330.11016053609 1.57812131855631E7 -2406176.951018637 2.123658941856663E7
20 103330.10950209503 1.6955334681703795E7 -743014.8408021996 2.0440001517571867E7
23 103330.09833934343 7945531.106329228 -2.4225448760272432E7 -7471631.352144553
2 103439.84582058013 2.1590881485029947E7 -8879566.135710975 -1.2681334677450407E7
3 103439.85102464256 1.5481034738920562E7 1.2384027599204445E7 1.768622433124316E7
10 103439.84398746015 -1.5498197006461473E7 -3068257.115303301 2.135932571697617E7
11 103439.85649255518 1.0508175910013141E7 -2.4041839083255187E7 4171009.4461248824
14 103439.86214576088 1.919016834985232E7 -1.0538310764350189E7 1.5050267512535693E7
16 103439.84639304563 -9824278.873574385 -2.4152524886613876E7 5095899.6729054
17 103439.86006413179 1.5940497058460383E7 -2019862.461200636 2.1157736562015053E7
20 103439.85937766921 1.6825990186619837E7 -355179.3982875393 2.055696984225509E7
23 103439.84859498029 8215892.941703096 -2.4234238544281937E7 -7143521.023269468
2 103549.58605293464 2.1835876346031524E7 -8680233.955499427 -1.2396658821601728E7
3 103549.59100457715 1.5133510305977905E7 1.2524550407664852E7 1.7886911700047694E7
10 103549.5841951463 -1.5328038830467537E7 -3452631.8304550815 2.142334395736548E7
11 103549.59632304545 1.0754863372055022E7 -2.3989654806541346E7 3828639.8853897336
14 103549.6020885179 1.9481752662177354E7 -1.0360804121671064E7 1.4796761754610013E7
16 103549.58659172643 -9567907.940078054 -2.4181758402327687E7 5433857.329947629
17 103549.59996584368 1.609568314150085E7 -1633065.7719804412 2.1073471181876317E7
20 103549.59924943985 1.6692347382155078E7 32711.677437428185 2.066866169059332E7
23 103549.58884960413 8484125.567758696 -2.423681970988041E7 -6813610.713992652
2 103659.33628628092 2.20752995693599E7 -8478659.889556719 -1.2108781221114742E7
3 103659.34097977351 1.4782077304845536E7 1.26618774620984E7 1.808303505910873E7
10 103659.33440043793 -1.5153938385118166E7 -3836157.0577090573 2.1481879752694167E7
11 103659.3461501238 1.0998818119532814E7 -2.39313200992824E7 3485258.3174994322
14 103659.35202732137 1.976837268052294E7 -1.0180627072095554E7 1.4539442260398073E7
16 103659.33678997788 -9309062.521748459 -2.420479964930475E7 5770453.7225225745
17 103659.34986567337 1.624675995933614E7 -1245815.4858725234 2.0983799509608656E7
20 103659.34911745002 1.6554416151174288E7 420629.7031714451 2.0775068803908445E7
23 103659.33910320267 8750209.148900025 -2.423319206636504E7 -6481924.821050354
2 103769.07652049427 2.2309046197381653E7 -8274932.303140201 -1.181782807465561E7
3 103769.08095023541 1.4426889795269288E7 1.2795948562250327E7 1.827450843355243E7
10 103769.07460321937 -1.4975971992172569E7 -4218664.668783206 2.1534907442629125E7
11 103769.08597390616 1.1239933209530696E7 -2.3866860534400918E7 3141015.2717433497
14 103769.09196217598 2.004990275857186E7 -9997858.600902274 1.4278421832568087E7
16 103769.0769877558 -9047856.090121 -2.422163852690197E7 6105541.295015401
17 103769.08976366023 1.6393661284042846E7 -858281.3633150659 2.0888760855207305E7
20 103769.08898179336 1.641225695948038E7 808404.626010446 2.087614453670057E7
23 103769.07935566752 9014027.040453035 -2.4223357204191994E7 -6148608.747731563
2 103878.82675553735 2.253709894450635E7 -8069066.261764003 -1.1523820898008306E7
3 103878.83091595785 1.4067974042992987E7 1.2926753794308474E7 1.8461317664987713E7
10 103878.82480344691 -1.4794152812407695E7 -4600126.377536621 2.158242310618531E7
11 103878.83579444783 1.1478190812780365E7 -2.37962808789779E7 2795936.2036311897
14 103878.84189306558 2.0326322078440618E7 -9812512.223635614 1.4013719773317832E7
16 103878.8271850884 -8784307.961107489 -2.423227378998373E7 6439095.26814685
17 103878.8396598053 1.6536376252908511E7 -470492.0613357479 2.078836224677268E7
20 103878.83884251452 1.6265880319663512E7 1196007.7713858853 2.0971881415308163E7
23 103878.82960698537 9275559.73330111 -2.420731585083738E7 -5813687.142626454
2 103988.56699128466 2.2759357837668523E7 -7861152.012200823 -1.1226888576921366E7
3 103988.57087694899 1.3705487387961427E7 1.3054235817036066E7 1.8643380861641575E7
10 103988.56500100609 -1.4608560551298207E7 -4980374.960312667 2.16244059140205E7
11 103988.57561187066 1.171348648385507E7 -2.371961207375312E7 2450172.3865454593
14 103988.58181999954 2.0597509465571575E7 -9624669.191653032 1.3745452121611513E7
16 103988.56738193407 -8518533.667789096 -2.423670077638996E7 6770969.420035946
17 103988.57955414605 1.6674842303624555E7 -82617.57665519697 2.0682647696701232E7
20 103988.57869970836 1.6115350399740258E7 1583269.2244610041 2.106223747176558E7
23 103988.56985705189 9534692.577795146 -2.418507503865315E7 -5477306.827468621
2 104098.3172276964 2.297580644080716E7 -7651204.929584563 -1.0927053069361633E7
3 104098.32083320813 1.3339456635612257E7 1.3178385203888187E7 1.882068456101269E7
10 104098.31519585426 -1.4419208933551375E7 -5359382.298059258 2.166085276193949E7
11 104098.32542623035 1.1945802823816711E7 -2.3636859788597316E7 2103749.388416789
13 104098.31419190307 -1.6448329165911814E7 -1.1966756207772404E7 1.7090299025298987E7
14 104098.33174296354 2.0863444866931263E7 -9434343.395727402 1.347363871552872E7
16 104098.31757832086 -8250552.863863026 -2.4234919158830944E7 7101139.209036143
17 104098.32944668237 1.680904919724324E7 305313.408544764 2.0571625022535272E7
20 104098.32855342011 1.5960678331255674E7 1970160.348674363 2.11472060250823E7
23 104098.32010585327 9791406.411289774 -2.4156636412548047E7 -5139492.677443083
2 104208.05746464682 2.3186349867862135E7 -7439317.049733049 -1.062444581609888E7
3 104208.06078475188 1.29700422448604E7 1.3299147531400567E7 1.899315103833903E7
10 104208.05538787702 -1.422618096668937E7 -5736982.243083751 2.1691747672931455E7
11 104208.0652376512 1.2175037991732731E7 -2.3548060300364945E7 1756819.0717375982
13 104208.05443476352 -1.6112322832356881E7 -1.2116212135349428E7 1.730374421036391E7
14 104208.07166197254 2.1124011703877434E7 -9241618.270040676 1.3198398711430097E7
16 104208.05777420496 -7980483.02559034 -2.422692971840585E7 7429459.89680729
17 104208.06933745224 1.6938938101175427E7 693130.8354492594 2.0455342893974595E7
20 104208.06840374804 1.58019319186891E7 2356511.541357969 2.1226749827826712E7
23 104208.06035328592 1.0045588696625331E7 -2.4122012439563368E7 -4800392.782300557
2 104317.79770207033 2.339095417690932E7 -7225523.608633702 -1.031911713933831E7
3 104317.80073158762 1.259730564728783E7 1.3416503332107233E7 1.916075249119788E7
10 104317.79557701788 -1.4029509011430014E7 -6113112.667446723 2.1717086307188787E7
11 104317.80504620717 1.2401154575933184E7 -2.3453229091467496E7 1409438.763314768
13 104317.7946778993 -1.577218937092517E7 -1.2262564528996022E7 1.7512757089632228E7
14 104317.81157702117 2.137916770636005E7 -9046525.950398013 1.2919778004001733E7
16 104317.79796959873 -7708369.01158979 -2.4212734622197747E7 7755877.549108721
17 104317.8092264638 1.706448816873432E7 1080770.7137337697 2.033382122140455E7
20 104317.80825075116 1.5639137918828556E7 2742259.1127561945 2.1300856493928704E7
23 104317.80059931379 1.029719782872691E7 -2.408120967972394E7 -4460063.284059047
2 104427.54793990433 2.3589584782813672E7 -7009859.635894963 -1.0011117066545395E7
3 104427.55067372383 1.2221307914631259E7 1.3530432769603174E7 1.932346059026696E7
10 104427.54576321619 -1.3829225033838984E7 -6487711.284058654 2.173686372314827E7
11 104427.55485197261 1.2624114826985544E7 -2.335238099101729E7 1061665.7412001875
13 104427.54492128333 -1.5427984361944666E7 -1.2405788806678815E7 1.7717302556321986E7
14 104427.56148810555 2.162887001832116E7 -8849098.316208944 1.2637822121758802E7
16 104427.54816451186 -7434255.459091315 -2.4192335365189604E7 8080338.025587004
17 104427.55911372419 1.7185678083309874E7 1468169.033850749 2.020707934773021E7
20 104427.55809448773 1.5472322650065122E7 3127339.3077523005 2.136951304843068E7
23 104427.55084390177 1.054619192384846E7 -2.403423402387624E7 -4118560.191557612
2 104537.28817801944 2.378215461053721E7 -6792419.673507688 -9700580.617675927
3 104537.29061118829 1.184221387497861E7 1.3640885900611848E7 1.9481204009155422E7
10 104537.28594636223 -1.3625416833922083E7 -6860613.877962841 2.1751071251319014E7
11 104537.2946550752 1.2843821005415589E7 -2.3245560208526954E7 713652.459656503
13 104537.28516482159 -1.5079858696660265E7 -1.2545822182272896E7 1.7917290942554045E7
14 104537.3013952478 2.1873009177331395E7 -8649421.914881304 1.2352654667209296E7
16 104537.28835890071 -7158262.532799609 -2.4165740890001994E7 8402699.090731686
17 104537.29899927143 1.7302454718617022E7 1855155.97051191 2.0075172833524045E7
20 104537.29793505982 1.5301559240086105E7 3511583.317589181 2.1432689394622065E7
23 104537.29108694766 1.0792461829006093E7 -2.3981106065282345E7 -3776033.211679238
2 104647.03841637252 2.3968649419569574E7 -6573219.801063864 -9387530.756767154
3 104647.0405439871 1.1460051561695637E7 1.3747854557869006E7 1.963397108380111E7
10 104647.03612641484 -1.3418099483440742E7 -7231792.873431141 2.1759707841532666E7
11 104647.04445557398 1.306025686507737E7 -2.3132774643389706E7 365424.65287070576
13 104647.03540850877 -1.4727838118711524E7 -1.2682654300392313E7 1.8112707459304594E7
14 104647.05129843848 2.2111567130577993E7 -8447511.512173166 1.206429672804117E7
16 104647.03855279488 -6880410.642056162 -2.4132953163347773E7 8722936.90639356
17 104647.04888310021 1.7414809439574964E7 2241702.907193881 1.993811143312599E7
20 104647.04777251063 1.5126860316556847E7 3894962.7289072215 2.1490380861315172E7
23 104647.04132844078 1.1035989332812702E7 -2.3921829732981116E7 -3432507.6741188187
2 104756.77865483069 2.4148987454942245E7 -6352356.110626233 -9072104.717506943
3 104756.78047215614 1.107498850519603E7 1.3851291849538641E7 1.97816948457219E7
10 104756.77630326897 -1.320736386565652E7 -7601085.554632433 2.1762769708194062E7
11 104756.78425359748 1.327332752660907E7 -2.301407373814103E7 17134.97444838531
13 104756.7756522501 -1.4372076945516646E7 -1.2816225177089749E7 1.830346644061883E7
14 104756.79119770412 2.234443930105614E7 -8243455.620597149 1.1772874713222895E7
16 104756.77874615081 -6600821.590359635 -2.409398655865175E7 9040911.0881775
17 104756.78876524894 1.7522692993017167E7 2627640.391847082 1.9795955230909694E7
20 104756.787606945 1.4948302463116255E7 4277309.4785577655 2.154256215858301E7
23 104756.78156827902 1.1276667678724334E7 -2.385643101257602E7 -3088134.1723433747
2 104866.52889335014 2.4323155380709063E7 -6129844.9349806355 -8754325.82553084
3 104866.5303957067 1.0687053180168388E7 1.3951190127172474E7 1.9924364371801633E7
10 104866.52647688295 -1.2993225564605467E7 -7968464.612825763 2.17602566253711E7
11 104866.53404920366 1.3483017234529706E7 -2.288946627062406E7 -331190.82100577216
13 104866.52589603642 -1.401260148537963E7 -1.2946524934880687E7 1.848955377998694E7
14 104866.54109303784 2.2571608469143156E7 -8037269.329735187 1.1478410172910836E7
16 104866.52893899537 -6319516.052983836 -2.4048843957532585E7 9356598.122336349
17 104866.53864571202 1.7626097401480723E7 3012939.8855680185 1.964871473913874E7
20 104866.53743840675 1.4765898883768972E7 4658595.293506054 2.1589229428263843E7
23 104866.53180645085 1.1514479068863053E7 -2.378491474053783E7 -2742938.1725880485
2 104976.26913179774 2.4491076845746342E7 -5905783.817796248 -8434333.387635546
3 104976.27031467861 1.0296415647711901E7 1.4047505598413497E7 2.006191712007293E7
10 104976.26664715455 -1.2775778453684988E7 -8333768.998022313 2.175216969524054E7
11 104976.27384252561 1.3689234066808516E7 -2.275900686573307E7 -679400.0369623692
13 104976.26613977118 -1.364956932377864E7 -1.3073496453455776E7 1.8670887901152972E7
14 104976.28098447119 2.2792975050406992E7 -7829043.0265114065 1.1181032193010516E7
16 104976.26913128716 -6036617.347414068 -2.3997545149491202E7 9669859.619436609
17 104976.27852452578 1.772497733537987E7 3397432.4831585237 1.9496454504427966E7
20 104976.27726700017 1.457972953964244E7 5038653.02839651 2.163036221312275E7
23 104976.2720428588 1.1749319252520215E7 -2.37073122681818E7 -2397071.000586839
2 105086.01937012738 2.465273943233552E7 -5680189.328319882 -8112151.067157869
3 105086.02022908708 9903104.794665832 1.4140231141462304E7 2.0194342919552162E7
10 105086.01681404398 -1.255503861323147E7 -8696971.696458478 2.1738509516336374E7
11 105086.02363362061 1.3891962774771275E7 -2.262270517076637E7 -1027466.9247862786
13 105086.01638344384 -1.3283007306717379E7 -1.3197130343356894E7 1.884745539458103E7
14 105086.03087199912 2.300852267605352E7 -7618792.108871353 1.088076276406717E7
16 105086.01932305258 -5752146.393666623 -2.3940093928098798E7 9980672.414232165
17 105086.02840168352 1.781932548304241E7 3781089.7525727213 1.9339185786194954E7
20 105086.02709276878 1.43898081975535E7 5417454.579482513 2.1665957471975386E7
23 105086.02227749118 1.1981170863565192E7 -2.3623629334453214E7 -2050558.2330180272
2 105195.75960820637 2.480807227143121E7 -5453160.361879233 -7787920.101262934
3 105195.76013897957 9507293.038553393 1.4229326108311431E7 2.0321583718868498E7
10 105195.7569774504 -1.2331102810593974E7 -9057913.488998836 2.171928207747564E7
11 105195.76342262281 1.4091114487892767E7 -2.248062093701101E7 -1375238.9014643612
13 105195.75662695331 -1.2913076126276791E7 -1.3317372406437458E7 1.9019178857296094E7
14 105195.77075565903 2.3218156856256284E7 -7406608.745536495 1.0577733516656656E7
16 105195.75951424774 -5466227.896871928 -2.3876515478657577E7 1.0288900254034162E7
17 105195.76827722236 1.7909100484910954E7 4163743.508535695 1.91769775271566E7
20 105195.7669158188 1.4196218114185223E7 5794833.89046634 2.1695999601238985E7
23 105195.76251025172 1.22099322639342E7 -2.353390262425611E7 -1703551.7728410105
2 105305.49984596306 2.4957050591418598E7 -5224734.584258951 -7461694.282266011
3 105305.50004438305 9109046.046689011 1.431477629125219E7 2.044361922731109E7
10 105305.49713732385 -1.2104008441944381E7 -9416535.113854283 2.169449131340647E7
11 105305.50320960862 1.4286656827229306E7 -2.233277840465476E7 -1722658.6110278768
13 105305.49687026795 -1.2539837297657356E7 -1.3434203261091664E7 1.9186030609496478E7
14 105305.51063545785 2.3421843801540915E7 -7192528.219800504 1.0271994840544496E7
16 105305.49970488362 -5178909.243675931 -2.380682113181279E7 1.0594492621367954E7
17 105305.50815114506 1.799428814961351E7 4545330.734620564 1.9009857173639487E7
20 105305.50673620912 1.3998991741377737E7 6170728.873009538 2.172048440208516E7
23 105305.50274110839 1.2435566120545708E7 -2.343814777268615E7 -1356108.958691331
2 105415.25008332865 2.5099648932485554E7 -4994949.509960533 -7133527.186427636
3 105415.24994532485 8708429.222605294 1.4396567087825088E7 2.0560428590406526E7
10 105415.24729361058 -1.1873792561369931E7 -9772777.057962546 2.166414055635481E7
11 105415.25299465495 1.4478557022912135E7 -2.2179201190198462E7 -2069668.6593657334
13 105415.24711335108 -1.2163351977848565E7 -1.3547603156266583E7 1.93479824437553E7
14 105415.26051140447 2.3619549078322373E7 -6976585.609465109 9963596.832023313
16 105415.24989496823 -4890237.6690874575 -2.3731021555832177E7 1.0897398713318998E7
17 105415.25802345382 1.80748737889403E7 4925788.298895494 1.883785163995415E7
20 105415.25655399739 1.3798161137122076E7 6545077.2780179195 2.173940707377659E7
23 105415.25297002985 1.2658034761605464E7 -2.333637976197195E7 -1008287.0819332555
2 105524.99032016803 2.5235804782949742E7 -4763905.8713786965 -6803562.674516541
3 105524.98984186263 8305618.186474001 1.4474662643538378E7 2.067196060263388E7
10 105524.98744621649 -1.1640556090267282E7 -1.0126483153688366E7 2.1628243111912426E7
11 105524.99277789694 1.4666730951325843E7 -2.2019956617989637E7 -2416116.92677634
13 105524.9873560994 -1.178378520909226E7 -1.3657522380169768E7 1.9504963364275277E7
14 105525.0003835433 2.3811186018420972E7 -6758875.578299726 9652674.684966708
16 105524.99008445747 -4600339.719682481 -2.364914997949079E7 1.1197485743310526E7
17 105524.9978941858 1.8150822076456584E7 5304949.418769762 1.8661036329038396E7
20 105524.99636929164 1.3593814340386676E7 6917715.0013604425 2.1752759321512073E7
23 105524.99319692225 1.2877240662350932E7 -2.322864320510241E7 -660238.6193832775
2 105634.7405564321 2.5365508074227344E7 -4531620.754134247 -6471825.147328023
3 105634.73973401703 7900642.725178546 1.4549057183913063E7 2.0778207017182484E7
10 105634.73759510579 -1.1404316276549362E7 -1.0477627245070359E7 2.158680163522079E7
11 105634.74255939324 1.485116469797552E7 -2.1855056463773925E7 -2761977.794885259
13 105634.737598498 -1.1401165060152091E7 -1.3763952804373125E7 1.9656961762458015E7
14 105634.75025187436 2.3996740451507706E7 -6539414.225473586 9339251.391371127
16 105634.74027337835 -4309236.833051879 -2.3561212457180385E7 1.1494731520346915E7
17 105634.74776332926 1.82221273962138E7 5682786.056466317 1.8479424316064794E7
20 105634.74618213096 1.3385966462078862E7 7288614.488008463 2.1760540158320364E7
23 105634.7434217777 1.3093167612854714E7 -2.311494606944519E7 -311989.3089715978
2 105744.48079198312 2.5488701947553955E7 -4298195.9865914015 -6138460.030837466
3 105744.47962185316 7493680.369535015 1.4619718096785402E7 2.0879121259055693E7
10 105744.47774019038 -1.11651766823403E7 -1.082605539930282E7 2.1539834293789983E7
11 105744.48233927823 1.5031777412318666E7 -2.168457301553187E7 -3107099.647766934
13 105744.47784044305 -1.101565926264197E7 -1.3866847772346288E7 1.9803911005872685E7
14 105744.49011644602 2.4176131036027655E7 -6318297.757253814 9023464.348025205
16 105744.48046168679 -4017056.6215969133 -2.3467247538656697E7 1.1789005739199372E7
17 105744.48763092175 1.8288758490025885E7 6059132.578352427 1.8293095215190746E7
20 105744.48599262498 1.3174708617323484E7 7657613.145760371 2.176274617365833E7
23 105744.48364450318 1.3305720956094868E7 -2.2995338197443638E7 36308.185125100514
2 105854.23102677177 2.5605377292914838E7 -4063648.8304571235 -5803491.977317265
3 105854.22950539606 7084761.213335548 1.4686640157447403E7 2.09746958665972E7
10 105854.22788143484 -1.0923154992068458E7 -1.1171741850768277E7 2.1487344561383635E7
11 105854.23211760882 1.5208555738966119E7 -2.150851888004267E7 -3451456.965136437
13 105854.22808191583 -1.0627296324532527E7 -1.3966199675109725E7 1.994580022777032E7
14 105854.239977261 2.434934450724664E7 -6095542.5246751355 8705336.906626588
16 105854.23064940683 -3723820.6916823713 -2.3367262172602307E7 1.2080286638720434E7
17 105854.23749695167 1.8350710430922624E7 6433961.154797364 1.8102062805093963E7
20 105854.2358008128 1.296005642804601E7 8024683.6886992315 2.1759377204754E7
23 105854.23386509022 1.351488497411571E7 -2.2869828434350595E7 384628.10657838045
2 105963.97126066074 2.5715482962726768E7 -3828082.1057218756 -5467067.828931852
3 105963.96938471374 6674064.516157282 1.4749794029471906E7 2.106488894304704E7
10 105963.96801875549 -1.0678357302474147E7 -1.1514535059208121E7 2.1429355448812373E7
11 105963.97189452268 1.5381422183293082E7 -2.1326971234847467E7 -3794898.7902009054
13 105963.96832281098 -1.0236246494951421E7 -1.4061964959200175E7 2.008256722735919E7
14 105963.9798343726 2.451630493357523E7 -5871246.177926007 8385008.526097283
16 105963.97083649601 -3429657.5907762516 -2.326130019025342E7 1.236844652854703E7
17 105963.97736145445 1.840795606099216E7 6807107.470827437 1.7906410829581887E7
20 105963.97560680196 1.2742103992177892E7 8389665.203131558 2.1750434728815604E7
23 105963.97408345097 1.3720567974631002E7 -2.2738471800987773E7 732817.7602882234
2 106073.72149359867 2.581901081487735E7 -3591513.2324943207 -5129212.4641746925
3 106073.71925983448 6261620.647871541 1.4809175043272026E7 2.114969381954401E7
10 106073.71815211969 -1.0430801716374034E7 -1.1854409675756304E7 2.136587124489905E7
11 106073.72167007523 1.5550363962698776E7 -2.1139943504842576E7 -4137399.7269110405
13 106073.71856310833 -9842538.691856422 -1.4154136542886442E7 2.0214201890878998E7
14 106073.72968778512 2.4676999969460003E7 -5645425.303155115 8062502.893912471
16 106073.72102297767 -3134589.0718730674 -2.3149369427462E7 1.2653464099682808E7
17 106073.72722441753 1.8460491147290044E7 7178543.933468434 1.7706153756721687E7
20 106073.72541063055 1.2520867426659755E7 8752530.700203188 2.173591940743689E7
23 106073.72429957706 1.392275474776285E7 -2.2601278011427525E7 1080851.3979216963
2 106183.46172544968 2.591591546537286E7 -3354045.917035797 -4790073.9909362
3 106183.45913083266 5847610.413132642 1.486475716821485E7 2.1229073320491597E7
10 106183.45828144648 -1.0180596756417071E7 -1.2191216707966631E7 2.129691978017492E7
11 106183.46144440405 1.5715307017870268E7 -2.0947517678058885E7 -4478809.632264815
13 106183.45880269837 -9446345.507456597 -1.4242674020396769E7 2.0340646512907345E7
14 106183.4695375577 2.4831359171074156E7 -5418178.894416634 7737961.388233306
16 106183.46120880655 -2838744.4858072205 -2.303151895203849E7 1.2935214407452665E7
17 106183.46708587749 1.8508292660006367E7 7548107.714774998 1.7501379374160446E7
20 106183.46521240694 1.2296443715811497E7 9113121.109609477 2.1715837604063313E7
23 106183.46451338241 1.4121356659903364E7 -2.2458307208495773E7 1428576.4499002213
2 106293.20195613793 2.60061818260691E7 -3115719.4746758407 -4449708.557325889
3 106293.19899775127 5432102.354751707 1.4916531750590675E7 2.1303015087111533E7
10 106293.19840669722 -9927784.07953623 -1.2524900987795232E7 2.122251318238755E7
11 106293.20121758398 1.5876224673237128E7 -2.0749726250358406E7 -4819072.309134216
13 106293.1990415402 -9047732.670599971 -1.4327563275922397E7 2.0461880933980092E7
14 106293.2093837091 2.4979357929366365E7 -5189544.65161925 7411437.850109231
16 106293.20139399086 -2542172.765677012 -2.2907769023485865E7 1.3213651397575596E7
17 106293.2069458324 1.8551353357041504E7 7915738.077536123 1.7292122095642563E7
20 106293.20501218576 1.2068870334337413E7 9471377.230463438 2.16901933940615E7
23 106293.20472484053 1.4316341423298879E7 -2.2309583778453268E7 1775935.5687331061
2 106402.95218559036 2.608979408989197E7 -2876573.1276893546 -4108172.1785574816
3 106402.94886063297 5015164.853288946 1.4964489724304676E7 2.1371506171678577E7
10 106402.94852782985 -9672405.060232757 -1.2855407009004695E7 2.1142662988474205E7
11 106402.9509896905 1.6033089817240873E7 -2.0546601136449434E7 -5158131.436142542
13 106402.94927958788 -8646765.648094987 -1.4408789798541276E7 2.0577884430352837E7
14 106402.95922626046 2.512097094641245E7 -4959560.124341566 7082985.905896078
16 106402.95157853543 -2244922.7658347506 -2.2778139262372803E7 1.348872865691824E7
17 106402.95680428027 1.8589665482834905E7 8281374.075147395 1.7078415849379975E7
20 106402.95481002012 1.1838184415799577E7 9827239.609059475 2.1658990250337914E7
23 106402.95493392547 1.4507676358455583E7 -2.215513148452828E7 2122871.367311858
2 106512.69241367021 2.6166715603427902E7 -2636711.712241951 -3765614.57619193
3 106512.68871956065 4596980.683198439 1.5008610066275103E7 2.1434516550120424E7
10 106512.68864477213 -9414571.65071872 -1.3182589886193765E7 2.1057404203426536E7
11 106512.69076086028 1.6185833684607705E7 -2.033823138096817E7 -5495838.379082893
13 106512.68951673029 -8243620.214430271 -1.4486317980557205E7 2.068860614896523E7
14 106512.69906527728 2.5256136143445246E7 -4728326.131830847 6752749.540400871
16 106512.69176239453 -1947124.793419181 -2.2642686495321136E7 1.3760325598401884E7
17 106512.69666125793 1.862321224254791E7 8644855.422450898 1.6860354318771448E7
20 106512.6946060186 1.1604487086826503E7 1.0180552245078925E7 2.1622241851794083E7
23 106512.69514055451 1.4695277588984095E7 -2.199501803526704E7 2469231.757360811
2 106622.44264032389 2.623694067861314E7 -2396152.966030804 -3422061.0822860985
3 106622.43857456597 4177580.767888384 1.5048889514368277E7 2.1492041563627362E7
10 106622.43875749805 -9154302.917722011 -1.350642542499525E7 2.0966743132642426E7
11 106622.44053114849 1.6334444980676128E7 -2.0124632392108332E7 -5832168.165986687
13 106622.43975294288 -7838326.1820443785 -1.4560142088896368E7 2.0794037902139317E7
14 106622.44890076839 2.5384843526076734E7 -4495859.773181061 6420753.173660585
16 106622.4419455911 -1648800.8702080615 -2.2501420738991782E7 1.4028422137854688E7
17 106622.44651674815 1.86519911556916E7 9006155.241186112 1.6637953628984498E7
20 106622.44440021312 1.1367795628584435E7 1.0531289012541423E7 2.1579950916108243E7
23 106622.44534472364 1.4879131242198674E7 -2.1829255271290608E7 2814991.1258897823
2 106732.18286541323 2.630043853069913E7 -2155002.344384209 -3077662.3026568913
3 106732.17842573818 3757148.961208619 1.5085310411557125E7 2.1544055995351374E7
10 106732.17886594248 -8891712.956953632 -1.382677166424143E7 2.087071952033886E7
11 106732.18030068974 1.6478858558411825E7 -1.9905897805939157E7 -6166973.359107713
13 106732.17998811451 -7431061.222285528 -1.4630229760920523E7 2.0894133471237805E7
14 106732.18873280255 2.5507036673027616E7 -4262262.955582708 6087142.344226194
16 106732.18212807926 -1350081.774118586 -2.2354403920944188E7 1.4292900748380225E7
17 106732.18637078819 1.8675989606536485E7 9365115.147073502 1.6411311274824316E7
20 106732.18419271291 1.112821380034673E7 1.0879296158062588E7 2.1532135982747212E7
23 106732.18554635176 1.5059156721344592E7 -2.1657915859386142E7 3159997.900365142
2 106841.93308888494 2.635720446433528E7 -1913277.6803289936 -2732443.7055060286
3 106841.92827311225 3335716.3527119774 1.5117870065047545E7 2.159055599958393E7
10 106841.9289700805 -8626821.186855648 -1.4143604915174166E7 2.076934046796046E7
11 106841.93006953702 1.661906373912183E7 -1.9682043797062833E7 -6500229.201042578
13 106841.93022221696 -7021855.452239423 -1.4696575813791065E7 2.0988885454400077E7
14 106841.93856139109 2.5622706549149685E7 -4027552.9528232887 5751941.721622894
16 106841.9323098788 -1050989.5950477293 -2.2201646912991017E7 1.4553741872197606E7
17 106841.93622336145 1.8695205820660792E7 9721708.596214565 1.6180444015971832E7
20 106841.93398354949 1.0885759318394143E7 1.1224547947987404E7 2.14788005876936E7
23 106841.93574543452 1.5235340713976419E7 -2.1481012470326494E7 3504226.567919088
2 106951.67331060216 2.6407213594982214E7 -1671084.9402967393 -2386556.6265815534
3 106951.66811677902 2913467.6872852477 1.5146554201954367E7 2.1631521192532524E7
10 106951.66906985303 -8359743.729733647 -1.4456786286310213E7 2.066265041822351E7
11 106951.66983782715 1.6754999060766105E7 -1.9453168497034643E7 -6831789.601582157
13 106951.67045513802 -6610888.258070163 -1.4759151163087048E7 2.107825231476833E7
14 106951.67838660737 2.573180244845878E7 -3791832.6556186588 5415298.249021443
16 106951.67249094497 -751655.447690426 -2.2043216680175696E7 1.4810831163015846E7
17 106951.67607450316 1.870963137436935E7 1.0075779267481232E7 1.594545305874968E7
20 106951.67377282878 1.0640538468341684E7 1.156689303338855E7 2.1419968111985333E7
23 106951.67594189635 1.5407605985560438E7 -2.1298622654675536E7 3847526.227076817
2 107061.42353051016 2.645046222481235E7 -1428442.0343735628 -2040026.644137255
3 107061.41795677585 2490434.1887774793 1.5171360701579813E7 2.166694854552685E7
10 107061.41916523872 -8090500.335839666 -1.4766292618778232E7 2.0550657261337746E7
11 107061.4196056111 1.6886654471560936E7 -1.9219288830294136E7 -7161630.04325287
13 107061.42068684811 -6198190.030641956 -1.4817951181517785E7 2.1162227443886586E7
14 107061.42820846384 2.5834316304299228E7 -3555119.4947540318 5077236.8201629985
16 107061.42267129656 -452101.46742296277 -2.187912493832048E7 1.5064149609489974E7
17 107061.42592419597 1.8719265201125152E7 1.042730097852902E7 1.5706355780183151E7
20 107061.42356058094 1.0392569383436186E7 1.1906306099298052E7 2.135564290628739E7
23 107061.42613573339 1.5575939797532303E7 -2.111075990037187E7 4189871.4912369796
2 107171.16374847469 2.648693139499226E7 -1185455.3315147765 -1693005.6687846405
3 107171.15779319839 2066801.3038095685 1.5192278689803513E7 2.1696822528713588E7
10 107171.15925618233 -7819209.035095839 -1.5071988233082099E7 2.0433410092979845E7
11 107171.15937302468 1.7013972257429685E7 -1.8980507323344536E7 -7489605.933055339
13 107171.1609172316 -5783941.687138946 -1.4872950092679389E7 2.1240774029235017E7
14 107171.1680270393 2.593020317793224E7 -3317517.2390465676 4737905.632276954
16 107171.16285088584 -152458.97138667776 -2.170944362134507E7 1.5313586163086152E7
17 107171.16577247673 1.872410307789866E7 1.0776119631561304E7 1.546325699440726E7
20 107171.16334691191 1.0141960766727794E7 1.2242638356326915E7 2.128585316925134E7
23 107171.1663268722 1.574026835670885E7 -2.0917506562298533E7 4531112.284590582
2 107280.90396441851 2.6516616013402145E7 -942164.9821650941 -1345551.041301299
3 107280.89762610101 1642639.0309264788 1.5209305246117268E7 2.1721138971174758E7
10 107280.89934266091 -7545914.88224582 -1.5373823197691021E7 2.0310928982609797E7
11 107280.89914013814 1.7136931998700216E7 -1.8736864054635752E7 -7815663.396705573
13 107280.90114623908 -5368211.808496782 -1.4924139338977342E7 2.131387984930207E7
14 107280.9078423628 2.6019448150409058E7 -3079065.2241045176 4397360.862433825
16 107280.90302971675 147222.5744784447 -2.1534201497953404E7 1.5559100186697349E7
17 107280.90561933981 1.8724144861872796E7 1.112217802669242E7 1.5216197369735418E7
20 107280.90313186917 9888754.339563644 1.2575834717274468E7 2.121061116602102E7
23 107280.90651529335 1.5900565089475088E7 -2.0718895272693366E7 4871192.438726925
2 107390.65417826724 2.6539510253149394E7 -698611.1038702913 -997720.0554802647
3 107390.64745553708 1218017.311317037 1.5222437028536936E7 2.173989310006238E7
10 107390.64942464854 -7270662.71510551 -1.5671747162962314E7 2.0183233432825807E7
11 107390.64890702264 1.7255512803681955E7 -1.8488398576036744E7 -8139748.352139082
13 107390.65137381638 -4951068.815207604 -1.4971509950221919E7 2.1381532093329165E7
14 107390.65765446614 2.6102035583415225E7 -2839802.693483026 4055658.5562386685
16 107390.65320778966 446893.70845485764 -2.13534267345942E7 1.5800650618384082E7
17 107390.65546478018 1.8719389890781756E7 1.1465418665091481E7 1.4965217145489393E7
20 107390.65291549868 9632991.541922998 1.2905839755296106E7 2.112992857121005E7
23 107390.65670097772 1.6056802985562693E7 -2.051495808350099E7 5210055.659549365
2 107500.39438988765 2.6555604078340717E7 -454900.4649198589 -649665.1922413578
3 107500.38728160878 793122.2877631321 1.5231668280805998E7 2.1753076694590174E7
10 107500.38950210025 -6993573.197637843 -1.5965629526903307E7 2.0050379422832254E7
11 107500.38867381154 1.7369662689813104E7 -1.823521980803812E7 -8461718.729385238
13 107500.39159984712 -4532695.57293009 -1.501504116041528E7 2.144370110439789E7
14 107500.39746343333 2.617792927341076E7 -2599834.5335368253 3712948.5069299284
16 107500.39338505604 746423.0620490297 -2.116719857861941E7 1.6038131568431335E7
17 107500.39530883514 1.870984024926416E7 1.1805691079181125E7 1.471042634496153E7
20 107500.39269790544 9374784.493386494 1.3232508805221783E7 2.104384075407501E7
23 107500.3968838561 1.620891355437662E7 -2.030578439624008E7 5547553.3977365745
2 107610.14459922409 2.656489629926398E7 -211051.0876211021 -301412.1901068323
3 107610.13710435439 367985.3796943201 1.5236998320664389E7 2.1760688780389793E7
10 107610.1395750036 -6714666.820377659 -1.6255448557906134E7 1.9912376777601585E7
11 107610.13844055453 1.747937321619761E7 -1.7977346472155485E7 -8781550.7200911
13 107610.14182429787 -4113123.020193217 -1.505472975061189E7 2.1500382285377584E7
14 107610.14726928053 2.6247123608905204E7 -2359178.4891003417 3369256.0567575227
16 107610.14356153333 1045788.4854604064 -2.0975530801476344E7 1.6271525475522434E7
17 107610.1451514833 1.86954966436697E7 1.2142970106972244E7 1.4451843809296222E7
20 107610.14247911227 9114152.287450258 1.3555817711245865E7 2.095235408065686E7
23 107610.14706392944 1.6356885547827955E7 -2.0091389679471035E7 5883660.695815278
2 107719.8848061434 2.6567382842865955E7 32830.130206994 46886.285016202564
3 107719.87692388118 -57207.04431210319 1.5238424811915357E7 2.1762726021026496E7
10 107719.87964332155 -6434065.849160437 -1.6541077207033815E7 1.97692859946988E7
11 107719.87820738187 1.7584596288736206E7 -1.771489161301045E7 -9099104.118650205
13 107719.8820470529 -3692535.0877063074 -1.509055832244719E7 2.155155078882858E7
14 107719.8870720941 2.630958825752154E7 -2117940.057385473 3024731.8713543387
16 107719.88373717283 1344858.7442158088 -2.0778507425749775E7 1.6500730025570013E7
17 107719.88499276248 1.8676365362040218E7 1.247710789431109E7 1.4189582894429429E7
20 107719.88225922419 8851209.178296937 1.3875624743597828E7 2.0855508656407014E7
23 107719.88724113081 1.6500654098912079E7 -1.987186791903234E7 6218230.212622327
2 107829.63501059098 2.656306352572262E7 276725.1536601135 395204.4766150965
3 107829.62674022962 -482423.5428810109 1.5235947649416566E7 2.175918826634147E7
10 107829.6297070433 -6151791.034150837 -1.682249435307215E7 1.9621117656075995E7
11 107829.62797434088 1.7685324126609065E7 -1.7447874638029758E7 -9414355.443308769
13 107829.63226807538 -3270962.8777726856 -1.5122524226598049E7 2.1597202831125338E7
14 107829.63687189229 2.6365318600785803E7 -1876137.077132417 2679401.4270816343
16 107829.63391198861 1643611.7224616904 -2.057614302118607E7 1.6725728269288084E7
17 107829.63483265239 1.8652447819255337E7 1.280807973285967E7 1.3923662993883695E7
20 107829.63203826346 8585974.609621147 1.419190625388801E7 2.0753311642828852E7
23 107829.63741546105 1.6640208576441374E7 -1.9647235348705903E7 6551237.207250852
2 107939.37521243608 2.6551940241792493E7 520527.06492624857 743389.690229745
3 107939.36655350709 -907477.7125726365 1.522956791942263E7 2.175007706766708E7
10 107939.36976613908 -5867966.117781421 -1.7099576630311057E7 1.946793671566839E7
11 107939.36774156311 1.7781512573461287E7 -1.717641260013148E7 -9727166.496491306
13 107939.37248724936 -2848591.1976947356 -1.5150613450159598E7 2.1637318399765704E7
14 107939.3766687655 2.6414290208560314E7 -1633875.5483139022 2333416.107589175
16 107939.37408593258 1941916.4542127647 -2.0368526299510375E7 1.69464215730517E7
17 107939.37467118901 1.8623754500317257E7 1.3135740533372436E7 1.365420068009875E7
20 107939.37181633091 8318564.853153563 1.4504523592948686E7 2.0645807840480678E7
23 107939.37758685891 1.6775487803468475E7 -1.941759044234106E7 6882535.697674613
2 108049.12541162355 2.653401381412606E7 764217.8349813272 1091416.1777453565
3 108049.11636375559 -1332338.1222762205 1.5219286094015446E7 2.1735393099206142E7
10 108049.11982060225 -5582612.088578255 -1.737230354957488E7 1.9309754501558743E7
11 108049.1175090936 1.7873154516521342E7 -1.6900525572770916E7 -1.0037514147100823E7
13 108049.12270453699 -2425451.2816704134 -1.5174823916146845E7 2.1671894528507687E7
14 108049.12646273257 2.6456499460116085E7 -1391173.3853023537 1986801.497252232
16 108049.12425901767 2239750.880229284 -2.015567261383586E7 1.716279361697738E7
17 108049.12450835154 1.8590287527185842E7 1.3460066066474004E7 1.3381215879108055E7
20 108049.12159344729 8048999.682868993 1.4813453644032558E7 2.053300519899251E7
23 108049.12775532606 1.6906481776600026E7 -1.9182950182303738E7 7212101.184906097
2 108158.86560802654 2.6509292101750404E7 1007690.6355750933 1439131.372609264
3 108158.8561710857 -1756818.5246893123 1.5205106680786513E7 2.1715142798466466E7
10 108158.8598704076 -5295854.038787499 -1.7640555554773085E7 1.9146640357498832E7
11 108158.85727706224 1.796020978241849E7 -1.6620334497239038E7 -1.034526234718024E7
13 108158.86291981983 -2001728.6242441814 -1.519514501147198E7 2.1700916060291093E7
14 108158.8662538887 2.64919278525828E7 -1148136.9822218337 1639709.5426270142
16 108158.8644311927 2536984.4371941513 -1.9937675274139334E7 1.737474954895718E7
17 108158.86434417816 1.8552061571079325E7 1.3780914156498386E7 1.3104828260404034E7
20 108158.86136971295 7777397.268905522 1.5118560980645614E7 2.0414953168124117E7
23 108158.8679208037 1.7033133071622975E7 -1.8943417429559767E7 7539789.195621769
2 108268.60580157039 2.6477780114035703E7 1250905.312880042 1786477.9292127532
3 108268.59597555826 -2180848.915423778 1.5187032552887442E7 2.1689330268733807E7
10 108268.59991555117 -5007739.487642704 -1.790428898515089E7 1.8978621878858566E7
11 108268.5970455327 1.80426646303377E7 -1.633588620443796E7 -1.0650360661188647E7
13 108268.60313304192 -1577493.2377847962 -1.5211573914030245E7 2.172437896473264E7
14 108268.60604227103 2.652057046607971E7 -904806.4955971775 1292197.5931744229
16 108268.60460245611 2833568.150974561 -1.9714570962409165E7 1.7582254990828E7
17 108268.60417866081 1.8509083591417138E7 1.40982323257223E7 1.2825083904461278E7
20 108268.60114516653 7503802.715071737 1.5419795770311253E7 2.029167194875162E7
23 108268.6080832806 1.7155421379495632E7 -1.8699032386322677E7 7865545.903990371
2 108378.35599218337 2.643948212495382E7 1493821.6851300301 2133398.462046599
3 108378.34577723243 -2604359.2413629633 1.5165066161635272E7 2.16579590108517E7
10 108378.34995602645 -4718315.807447606 -1.816345969058177E7 1.88057261298356E7
11 108378.34681456993 1.8120504821193885E7 -1.604722706416984E7 -1.0952758366577996E7
13 108378.35334414279 -1152815.0791351805 -1.522410738018523E7 2.1742278609439455E7
14 108378.35582791969 2.6542421645769186E7 -661222.050084711 944322.9528424105
16 108378.35477280256 3129452.9770510546 -1.948639580753193E7 1.7785275082416028E7
17 108378.35401179265 1.8461360032941595E7 1.4411967714118129E7 1.2542028528188867E7
20 108378.35091984528 7228260.909410113 1.571710776112171E7 2.0163181175384045E7
23 108378.35824274555 1.7273325918653585E7 -1.8449834729272522E7 8189317.275028462
2 108488.09617974186 2.6394414923988502E7 1736333.263582682 2479740.8894256377
3 108488.08557622324 -3027163.8470951044 1.5139217136792319E7 2.162104277754601E7
10 108488.08999181935 -4427709.874413414 -1.8417954057746325E7 1.862802890419027E7
11 108488.08658430012 1.819369623189122E7 -1.5754483616655314E7 -1.125232290039647E7
13 108488.09355300461 -727880.3171438394 -1.523273991579509E7 2.1754607147963803E7
14 108488.09561093374 2.655747181318236E7 -417490.42654703546 596238.1205070597
16 108488.09494217989 3424509.206770022 -1.9253249836046014E7 1.7983720824793786E7
17 108488.09384361262 1.840891181657821E7 1.4721982788473891E7 1.2255786215739312E7
20 108488.09069384776 6950892.642042605 1.601036661961046E7 2.0029537175008345E7
23 108488.09839914463 1.7386795002997845E7 -1.8195933700960506E7 8510961.375459215
2 108597.84636419176 2.634258184440265E7 1978422.1146849943 2825479.5995818935
3 108597.8353725713 -3449231.467926901 1.5109487390075354E7 2.1578584299031228E7
10 108597.84002293367 -4135943.1783941872 -1.8667753267915007E7 1.844554334287617E7
11 108597.8363547665 1.8262233450135708E7 -1.5457677508986093E7 -1.1549032111026015E7
13 108597.84375958674 -302720.37550513435 -1.5237470882729748E7 2.17613636689615E7
14 108597.84539133462 2.6565719855904963E7 -173629.64801183526 247968.83571943326
16 108597.84511059875 3718715.0211277558 -1.9015150288924605E7 1.8177577543276478E7
17 108597.8436740965 1.835174282088011E7 1.502825462427562E7 1.1966378133954894E7
20 108597.84046718696 6671718.423326074 1.629955066047978E7 1.9890749830181986E7
23 108597.84855248446 1.7495820242013536E7 -1.7937348077419918E7 8830454.420312084
2 108707.58654541128 2.628400560917134E7 2219982.112481037 3170463.028942941
3 108707.5751663954 -3870377.080923279 1.5075889954472315E7 2.15306021883431E7
10 108707.58004936358 -3843143.6226709946 -1.891274781603941E7 1.825834944355596E7
11 108707.57612609134 1.832608643097622E7 -1.5156938852787016E7 -1.184275592916804E7
13 108707.58396377298 122478.36575470335 -1.5238298207295088E7 2.176254521089042E7
14 108707.58516922273 2.656716215869455E7 70253.38353763951 -100332.22966617337
16 108707.5852780068 4011941.44751439 -1.8772201543318592E7 1.836676025594398E7
17 108707.58350328382 1.828987810740047E7 1.533064896014476E7 1.1673931151836783E7
20 108707.580239961 6390860.635726163 1.6584533113327172E7 1.974687998161382E7
23 108707.58870271393 1.7600353842084873E7 -1.767419121664031E7 9147656.351854427
2 108817.33672334826 2.621869055056915E7 2460995.393813739 3514665.666276616
3 108817.32495773735 -4290569.544097042 1.503842731464514E7 2.1477099993946623E7
10 108817.33007111472 -3549332.8592705443 -1.915291958591685E7 1.806646104941655E7
11 108817.3258983155 1.8385250452633407E7 -1.4852289886357395E7 -1.2133472635075623E7
13 108817.33416551986 547684.4634350934 -1.5235221828568917E7 2.1758151686744653E7
14 108817.33494462112 2.656179861536375E7 314140.6338982608 -448639.3201385098
16 108817.33544441122 4304166.802237684 -1.8524421565110482E7 1.855125497310532E7
17 108817.33333115194 1.8223322251007996E7 1.5629143435110644E7 1.137846689502741E7
20 108817.33001218231 6108340.047628045 1.686529290485414E7 1.959793826800666E7
23 108817.33884983967 1.7700388073478248E7 -1.7406482579095647E7 9462543.713636875
2 108927.07689788454 2.6146665301775828E7 2701356.3042577268 3857936.6214259174
3 108927.06474671466 -4709624.656543593 1.499711589345408E7 2.1418101170116927E7
10 108927.0700881892 -3254639.6874925266 -1.9388163292964954E7 1.786996228005267E7
11 108927.06567156184 1.8439699579088457E7 -1.4543864159403801E7 -1.2421054786384076E7
13 108927.07436471205 972711.5173002495 -1.522824309542892E7 2.174818502292118E7
14 108927.07471763354 2.6549631577598292E7 557925.1895019142 -796799.7472983795
16 108927.07560975988 4595262.980880098 -1.8271918975116357E7 1.8730980816922426E7
17 108927.07315773887 1.8152104428205863E7 1.592360719718704E7 1.1080114887390932E7
20 108927.0697839443 5824280.508459243 1.714170695760031E7 1.9443989981460057E7
23 108927.07899381628 1.7795879084032048E7 -1.7134339522055823E7 9774978.466984289
2 109036.82706896855 2.606793518963661E7 2941047.0693529043 4200250.509831088
3 109036.81453336986 -5127511.430885041 1.4951958745960148E7 2.1353610079933308E7
10 109036.82010059705 -2959085.8993438864 -1.9618461542072356E7 1.7668867666693088E7
11 109036.81544586875 1.8489429783915006E7 -1.4231684478650805E7 -1.2705481117469994E7
13 109036.82456130565 1397528.0968725646 -1.5217362524222977E7 2.1732645956841197E7
14 109036.82448828309 2.6530661945544492E7 801589.0234430634 -1144787.7660565733
16 109036.82577405864 4885208.457284411 -1.8014712445715364E7 1.8905924497036498E7
17 109036.82298302167 1.8076229905491628E7 1.6214018471852174E7 1.0778897191217044E7
20 109036.8195552579 5538703.023357958 1.7413754831855018E7 1.9285046505924523E7
23 109036.82913465134 1.788681981271336E7 -1.685778217049153E7 1.0084937508004824E7
2 109146.56723648749 2.598253472819277E7 3179962.6144647514 4541457.269362277
3 109146.55431782219 -5544046.676989273 1.490297566806736E7 2.1283654994876627E7
10 109146.56010834513 -2662801.058181064 -1.9843713376987603E7 1.746326536467602E7
11 109146.55522135702 1.853441926659985E7 -1.3915887695060836E7 -1.2986626943472542E7
13 109146.5647551841 1821947.9726897886 -1.5202584885017922E7 2.1711541300866146E7
14 109146.56425667752 2.6504898035403892E7 1045025.3201134718 -1492450.8279150992
16 109146.56593725234 5173876.126475807 -1.775291473010076E7 1.9076009322555788E7
17 109146.562807041 1.7995731944420885E7 1.6500249950595038E7 1.0474945852510083E7
20 109146.55932621572 5251732.7818077495 1.768131726921586E7 1.9121177517987616E7
23 109146.56927230208 1.797317039374126E7 -1.6576931760712E7 1.0392284958507452E7
2 109256.30740037415 2.589047892449365E7 3418063.6141823544 4881500.7375122765
3 109256.29410013431 -5959161.8346231375 1.4850175267052235E7 2.120824820741169E7
10 109256.30011145007 -2365834.1633781 -2.0063882312068604E7 1.7253189923589025E7
11 109256.2949980826 1.8574661249815166E7 -1.35965264219907E7 -1.3264446312277935E7
13 109256.30494628794 2245901.151267344 -1.518391314965613E7 2.1684875299226787E7
14 109256.30402285956 2.6472345028223373E7 1288193.9338481412 -1839731.5989225109
16 109256.30609933287 5461218.520595451 -1.7486569663708672E7 1.924120788638668E7
17 109256.3026297878 1.791062446248564E7 1.6782254964875318E7 1.0168311409388907E7
20 109256.29909684695 4963417.335831105 1.794435072413865E7 1.8952410735841915E7
23 109256.30940676594 1.8054917203305017E7 -1.629183523210143E7 1.0696970450199392E7
2 109366.05756056421 2.579178206479516E7 3655310.6548971585 5220324.62581459
10 109366.05010992606 -2068234.1404241533 -2.027893131117465E7 1.7038675408541143E7
11 109366.04477610307 1.8610148442033738E7 -1.3273652886730343E7 -1.3538892911484478E7
13 109366.05513455362 2669317.5885785003 -1.5161349868242051E7 2.165265159384971E7
14 109366.05378687501 2.6433007369727008E7 1531054.690004338 -2186572.7037428655
16 109366.05626028824 5747188.028246419 -1.7215720589484178E7 1.94014922522308E7
17 109366.05245125471 1.7820920877932884E7 1.7059986388407726E7 9859044.109363694
20 109366.0488671795 4673804.091755084 1.820281116055038E7 1.8778773347208172E7
23 109366.05953804016 1.813204611898882E7 -1.600253906415744E7 1.099894332649994E7
2 109475.79771695063 2.568648741611235E7 3891599.7332887184 5557780.402134427
10 109475.79010379112 -1770131.4496206632 -2.0488766102983616E7 1.6819815857757587E7
11 109475.7845555346 1.86408652864583E7 -1.2947408628139956E7 -1.380984643103105E7
13 109475.79531986701 3092011.6689977553 -1.5134904932288136E7 2.16148843112787E7
14 109475.7935488341 2.63869023048673E7 1773501.1250414948 -2532822.096682913
16 109475.7964200623 6031659.287431373 -1.694048624118153E7 1.9556792155495804E7
17 109475.79227148343 1.772666051460749E7 1.7333322471204843E7 9547279.527156465
20 109475.78863730378 4383020.008228942 1.8456585276393674E7 1.860034147007127E7
23 109475.79966608713 1.820452332978757E7 -1.570917007753734E7 1.129807121020245E7
2 109585.54786948519 2.557460276558571E7 4126913.376079831 5893843.11204578
10 109585.5400930662 -1471548.134977857 -2.069337117139413E7 1.659662745590012E7
11 109585.53433641353 1.866680951151463E7 -1.2617817770546807E7 -1.4077286834851395E7
13 109585.54550218326 3513952.134649132 -1.5104580297694717E7 2.1571576244828925E7
14 109585.54330876141 2.633403324330732E7 2015515.3110396008 -2878454.1740194233
16 109585.54657865786 6314611.261915096 -1.6660886972168034E7 1.9707096112114456E7
17 109585.54209044843 1.762785034291958E7 1.7602243001082286E7 9233040.716852693
20 109585.53840722295 4091086.587650187 1.8705654306052234E7 1.841712829882548E7
23 109585.54979091928 1.8272343476535458E7 -1.5411749966773387E7 1.1594331981522372E7
2 109695.28801806441 2.5456177161457356E7 4361148.427535098 6228365.433890756
10 109695.28007777726 -1172615.0877974976 -2.089265682346367E7 1.636920804356237E7
11 109695.27411885154 1.8687969743761536E7 -1.2285024797511972E7 -1.4341096884176936E7
13 109695.28568139093 3934954.0169769367 -1.507038925838081E7 2.1522746380184326E7
14 109695.28306676741 2.6274423361772228E7 2256991.155580352 -3223317.420076666
16 109695.28673601858 6595919.912521516 -1.6377045352069763E7 1.9852338232672557E7
17 109695.28190819209 1.7524533678796865E7 1.7866630090522457E7 8916465.43254287
20 109695.27817702664 3798131.8057689713 1.894990906439551E7 1.822921414920915E7
23 109695.28991250212 1.833547682897129E7 -1.5110409113833882E7 1.1887595767328342E7
2 109805.03816264305 2.5331219361902643E7 4594287.566305924 6561322.630219885
10 109805.03005794682 -873354.4134512795 -2.1086608323194005E7 1.6137574438350104E7
13 109805.03585744325 4354986.183272456 -1.5032334343080398E7 2.1468398328751307E7
14 109805.03282287787 2.620807706852366E7 2497910.8025283716 -3567386.3336504945
16 109805.0368921439 6875564.436889104 -1.6088982370756824E7 1.9992507776870865E7
17 109805.0317246908 1.741671816232681E7 1.812646418910185E7 8597577.084031507
20 109805.0279467177 3504177.3254945115 1.9189331489716347E7 1.803661291678265E7
23 109805.04003084815 1.8393918718901318E7 -1.480516980273466E7 1.2177840881503802E7
2 109914.77830312267 2.5199784146128833E7 4826228.589940779 6892568.740805729
10 109914.77003360895 -573897.3001280724 -2.127514064791805E7 1.5901828182972899E7
13 109914.77603023115 4773864.501572383 -1.4990432234496554E7 2.1408555915898994E7
14 109914.7725772059 2.6135023448309753E7 2738168.6392944744 -3910510.084332176
16 109914.77704697735 7153422.245756264 -1.5796824308139704E7 2.012754329798513E7
17 109914.77153998574 1.7304451057139035E7 1.838163139255651E7 8276515.4636381045
20 109914.76771638075 3209352.00856534 1.9423816625673372E7 1.7839409032754205E7
23 109914.78014592826 1.8447643527269427E7 -1.4496165843155323E7 1.246494008806746E7
2 110024.5284394597 2.50618812343697E7 5056954.346765407 7222079.270518888
10 110024.5200047902 -274265.89190562256 -2.1458239856839705E7 1.5661986710741818E7
13 110024.52619970818 5191557.996245775 -1.4944686031604221E7 2.1343223567422293E7
14 110024.5223297767 2.6055267903473776E7 2977746.8998185205 -4252663.299558336
16 110024.52720051697 7429472.791955067 -1.5500592769079752E7 2.0257434810491975E7
17 110024.52135405324 1.718774066517186E7 1.8632112832249656E7 7953304.312906386
20 110024.51748601717 2913677.6562110763 1.9653347132971894E7 1.7637617079616558E7
23 110024.53025775595 1.8496647281635944E7 -1.418342008575825E7 1.27488721567925E7
2 110134.26857156245 2.4917571080662634E7 5286363.692334701 7549709.770121688
10 110134.25997152903 25408.46054633649 -2.1635825684670962E7 1.5418155162445508E7
13 110134.26636576564 5607883.560580845 -1.4895115788796367E7 2.127242992396253E7
14 110134.2620807066 2.5968845396984413E7 3216540.5595514923 -4593695.988728634
16 110134.26735270345 7703595.061739387 -1.5200417614389794E7 2.0382125373313576E7
17 110134.26116693756 1.7066638149325386E7 1.8877798703887317E7 7628085.319140159
20 110134.25725571076 2617283.884115505 1.9877822391608495E7 1.7431325517533004E7
23 110134.27036630471 1.8540908500395577E7 -1.3867069630836572E7 1.3029512619206788E7
2 110244.0086993764 2.4766878378800612E7 5514418.944284098 7875406.423620291
10 110243.99993386197 325076.2926939733 -2.180786957656766E7 1.5170374326163579E7
13 110244.00652834491 6022772.669906037 -1.4841730210287312E7 2.119618741642605E7
14 110244.00183004142 2.5875771103465073E7 3454510.3152326476 -4933552.020969585
16 110244.00750352163 7975744.076793219 -1.4896348924935263E7 2.050159511815259E7
17 110244.00097862992 1.6941164096869003E7 1.9118649114797488E7 7300912.431250625
20 110243.99702548125 2320219.7075503934 2.0097206044966936E7 1.7220569007887613E7
23 110244.01047158061 1.858042052713923E7 -1.3547167182594206E7 1.3306815607878754E7
2 110353.75882284985 2.46098271313165E7 5741082.273617484 8199115.205609295
10 110353.74989182323 624688.1393107374 -2.1974342377461903E7 1.4918684562228216E7
13 110353.75668738385 6436156.643987435 -1.4784537587081347E7 2.11145078855941E7
14 110353.75157783013 2.5776059477083612E7 3691616.774377351 -5272175.137982773
16 110353.75765295241 8245874.645085247 -1.4588436359901758E7 2.061582361127532E7
17 110353.75078912382 1.6811338621599674E7 1.9354623648604546E7 6971839.386515499
20 110353.74679534741 2022534.0691796693 2.0311461184966676E7 1.7005381728475835E7
23 110353.7605735891 1.8615176191098522E7 -1.322376506052171E7 1.35807348939247E7
2 110463.49894189932 2.4446486186417557E7 5966254.316813163 8520694.210273255
10 110463.4898454615 924112.6583696699 -2.2135171110673703E7 1.4663196205344094E7
13 110463.49684277836 6847854.265373056 -1.4723562991423884E7 2.1027427138343986E7
14 110463.49132419017 2.566975422896735E7 3927755.996015914 -5609416.896679521
16 110463.49780093569 8513868.34805728 -1.4276814900778206E7 2.0724760777906362E7
17 110463.49059846479 1.667721863571448E7 1.9585618860466085E7 6641010.441921673
20 110463.4865653906 1724357.4663863482 2.0520493887892056E7 1.6785858011602577E7
23 110463.50067230886 1.864516025668391E7 -1.2897005036352566E7 1.3851150398268418E7
2 110573.249056487 2.427686762373807E7 6189918.4228449 8840119.657482235
10 110573.23979481365 1223327.7083193776 -2.2290343884049486E7 1.4403928148580026E7
13 110573.2469944835 7257835.089555906 -1.465881093271157E7 2.0934951614761546E7
14 110573.24106914719 2.5556863220207427E7 4162910.518661362 -5945252.35947201
16 110573.2479474659 8779705.368003825 -1.3961507591718389E7 2.0828398562491905E7
17 110573.24040662732 1.6538814057087695E7 1.981161766919494E7 6308450.061251274
20 110573.23633560474 1425711.9482328696 2.0724288696517497E7 1.656201409021992E7
23 110573.25076775764 1.8670370507055845E7 -1.2566911273699556E7 1.4118042124487452E7
2 110682.98916653464 2.4101045800688367E7 6411976.543013161 9157251.51918144
5 110682.97411533855 1.4955927137241676E7 2.1757290484186843E7 -2961361.4289395413
10 110682.97973993544 1522202.121122733 -2.243979267455735E7 1.4140994048719201E7
13 110682.98714239926 7665919.390995689 -1.4590309797073014E7 2.0837121854439776E7
14 110682.98081281796 2.5437435939384937E7 4396977.257021215 -6279534.305305262
16 110682.98809248295 9043269.16856496 -1.3642652655883836E7 2.0926691532976933E7
17 110682.9802136576 1.6396185558762295E7 2.003252100304688E7 5974304.0302365115
20 110682.97610607029 1126728.4328902613 2.092275627264245E7 1.6333948091465749E7
23 110682.99085991735 1.8690795891098987E7 -1.2233628477713082E7 1.438129307423865E7
2 110792.7392720085 2.3919033719841465E7 6632412.256602245 9472066.344158463
5 110792.72429239003 1.4773683886245325E7 2.19254293948772E7 -2615897.0813337397
10 110792.72968086474 1820713.7959433482 -2.25835064315618E7 1.38744133493798E7
13 110792.73728647987 8072076.992432134 -1.451806465049473E7 2.0733945092357203E7
14 110792.73055522893 2.531148121788076E7 4629938.902866199 -6612238.01546614
16 110792.73823597805 9304540.259627616 -1.33202736723381E7 2.101963242094318E7
17 110792.73001953248 1.6249343687779533E7 2.0248312527104937E7 5638597.057928914
20 110792.7258767812 827429.0290903029 2.111588194028162E7 1.6101676879955307E7
23 110792.7409488057 1.8706434898823056E7 -1.1897181294324284E7 1.46408837809285E7
2 110902.47937283645 2.373091117161584E7 6851128.930198647 9784426.12559643
5 110902.46446926348 1.4587672833182806E7 2.2087936599090744E7 -2269794.1243972396
10 110902.46961766496 2118731.8731302344 -2.272142215537177E7 1.3604302912966292E7
13 110902.47742662941 8476129.844387336 -1.4442107163901428E7 2.062546655928184E7
14 110902.47029649875 2.5179054271020524E7 4861693.332206741 -6943217.6417824915
16 110902.4783778909 9563404.106435344 -1.2994511964289343E7 2.110718048360645E7
17 110902.4698242973 1.609835281586339E7 2.045889764422909E7 5301476.309436883
20 110902.46564781276 527944.941664525 2.1303581038278963E7 1.586530227712765E7
23 110902.4810344095 1.8717280674907986E7 -1.1557717213827731E7 1.4896700446826683E7
2 111012.22946898744 2.3536692068197843E7 7068110.390219458 1.0094307765225148E7
5 111012.214645901 1.4397907733476585E7 2.224480007955313E7 -1923078.1522310537
10 111012.21955037733 2416234.3152113603 -2.2853529648191426E7 1.3330682713717658E7
13 111012.22756280345 8878048.067777922 -1.436244295467566E7 2.051169427766737E7
14 111012.2200366529 2.504016489142794E7 5092223.407800172 -7272448.709735358
16 111012.22851821127 9819841.566442475 -1.2665391621545663E7 2.118932924713356E7
17 111012.21962792892 1.5943224108418299E7 2.0664260782503758E7 4962966.713771778
20 111012.21541915761 228298.31636548453 2.148583968692489E7 1.5624841761985557E7
23 111012.23111674728 1.8723332417758394E7 -1.1215261339216294E7 1.5148724155115433E7
2 111121.96956039737 2.3336461551250614E7 7283261.517552361 1.040157541887395E7
5 111121.95482218021 1.4204471775661703E7 2.2395951071092676E7 -1575901.1568728173
10 111121.9594790687 2713090.704989607 -2.297977099821054E7 1.305367269992936E7
13 111121.96769490813 9277655.47161452 -1.4279106946086718E7 2.039267812311123E7
14 111121.95977581246 2.4894873964597896E7 5321428.071596517 -7599786.893472104
16 111121.96865687643 1.0073740223845337E7 -1.2333056922565887E7 2.1266042699755177E7
17 111121.95943047617 1.5784025569887202E7 2.086431191632542E7 4623216.664618686
20 111121.9551908904 -71379.48975899369 2.1662577988860603E7 1.5380400745934874E7
23 111121.9711958082 1.8724587474870905E7 -1.0869963794813976E7 1.5396844425268479E7
2 111231.70964702913 2.3130253489699952E7 7496547.053455669 1.0706178731841182E7
5 111231.69499802336 1.4007397386815796E7 2.254136540797998E7 -1228320.5006551363
10 111231.69940379293 3009252.1373589616 -2.310012617277788E7 1.2773319053250136E7
13 111231.70782289102 9674886.41953425 -1.4192113394387068E7 2.0268438455651958E7
14 111231.69951402406 2.4743206344393827E7 5549269.676831656 -7925178.427841593
16 111231.70879386405 1.0325058521574805E7 -1.1997563156249719E7 2.1337308923536606E7
17 111231.69923193177 1.5620784030862503E7 2.1059018755217314E7 4282282.404178447
20 111231.6949630219 -371039.013469964 2.1833767529494494E7 1.5132020115604367E7
23 111231.71127160596 1.8721046295081902E7 -1.0521881957892753E7 1.5641020840793962E7
2 111341.4597288485 2.291810110506172E7 7707931.537158668 1.1008067060897833E7
5 111341.4451733553 1.3806716599962782E7 2.2681018303202517E7 -880393.5021821945
10 111341.44932460145 3304669.6319548534 -2.3214574501726095E7 1.2489667593175735E7
13 111341.45794669689 1.0069675017812347E7 -1.4101476159704505E7 2.0138995069603436E7
14 111341.44925133765 2.458518619401635E7 5775710.429119249 -8248569.3368663015
16 111341.458929148 1.0573754623097116E7 -1.1658965269361362E7 2.1403115410587735E7
17 111341.44903229113 1.545352588404461E7 2.124834842988635E7 3940220.046379344
20 111341.44473556239 -670630.7895445585 2.1999379293258406E7 1.4879740330934813E7
23 111341.46134415327 1.871270880776892E7 -1.017107290415654E7 1.5881212558068734E7
2 111451.19980580143 2.2700097400481656E7 7917322.3031822555 1.1307108066024624E7
5 111451.1853480523 1.3602517388842786E7 2.2814848536343016E7 -532272.684379884
10 111451.18924156981 3599213.685621614 -2.3323065814553853E7 1.2202842665371208E7
13 111451.19806623881 1.046184820100184E7 -1.4007234975620745E7 2.0004404710401196E7
14 111451.18898787408 2.442088278532544E7 6000651.0630552005 -8569817.85485724
16 111451.19906266512 1.081971950625029E7 -1.1317411695077598E7 2.1463433313213613E7
17 111451.18883160454 1.528232445109E7 2.143221794337821E7 3597179.5423267023
20 111451.18450858394 -970023.4849693126 2.2159340680321734E7 1.4623671984581238E7
23 111451.20141344414 1.8699578668302983E7 -9817690.419702452 1.6117314283447187E7
2 111560.94987786467 2.24762584977701E7 8124703.867675353 1.1603279633990502E7
5 111560.93552205215 1.3394814853929177E7 2.2942846210841913E7 -183983.79057763252
10 111560.93915474796 3892862.517876651 -2.342559208930305E7 1.1912865479936957E7
13 111560.9481814769 1.0851376968655286E7 -1.3909396811584452E7 1.986467733144946E7
14 111560.93872365856 2.4250308268004615E7 6224074.9452486085 -8888900.22687034
16 111560.94919440149 1.1062934982383583E7 -1.0972927690984283E7 2.1518258171249922E7
17 111560.9386298477 1.5107192391890178E7 2.1610613699310895E7 3253186.258754924
20 111560.93428207235 -1269194.9607226984 2.2313639862038866E7 1.4363834011832852E7
23 111560.95147950042 1.8681656848056357E7 -9461760.636674223 1.6349308558050131E7
2 111670.68994499078 2.224668252313033E7 8329985.319976903 1.1896451930916086E7
5 111670.67569523012 1.3183700047146171E7 2.3064955215684015E7 164320.49765345664
10 111670.67906421715 4185487.4009337295 -2.352210838177914E7 1.1619863155521264E7
13 111670.68829232972 1.1238090561169794E7 -1.3808004557889111E7 1.9719874186435368E7
14 111670.6784588104 2.4073537417380273E7 6445884.132802905 -9205676.575953096
16 111670.68932429422 1.1303294431922216E7 -1.0625664270581227E7 2.156756595109309E7
17 111670.67842707151 1.4928206479808532E7 2.1783457493871484E7 2908390.9932257743
20 111670.67405609874 -1568014.068033761 2.2462209197700445E7 1.4100340318650814E7
23 111670.69154231921 1.8658951203926712E7 -9103439.585933505 1.657709368180444E7
2 111780.44000716129 2.2011386454095148E7 8533151.480152778 1.2186603277608711E7
5 111780.42586752542 1.2969188580381943E7 2.3181166521121513E7 512614.4234274952
10 111780.42897002748 4477066.696253062 -2.361260755552649E7 1.1323857358982187E7
13 111780.43839875777 1.1621960381883742E7 -1.3703065712796703E7 1.9570005983986825E7
14 111780.42819335533 2.3890583305022422E7 6666062.223883788 -9520123.477858545
16 111780.43945232643 1.1540780080741422E7 -1.027564711368839E7 2.1611353006776087E7
17 111780.42822325428 1.474537995036084E7 2.195073654599804E7 2562819.242214073
23 111780.4416019222 1.8631463415371243E7 -8742753.764789375 1.680065281084411E7
2 111890.18006433558 2.1770473439377904E7 8734113.285507068 1.247360647935674E7
5 111890.16603881159 1.2751374490451852E7 2.3291429183033258E7 860745.302967541
10 111890.16887226694 4767472.583314353 -2.369704993870405E7 1.1024977851700768E7
13 111890.17850068555 1.2002818152002545E7 -1.3594626279363168E7 1.941513842327648E7
14 111890.16792741383 2.3701526133105043E7 6884512.69845933 -9832103.087695474
16 111890.17957843524 1.1775287821097374E7 -9923029.659397898 2.1649600143411558E7
17 111890.16801844636 1.4558792949956581E7 2.211237752514407E7 2216622.4952341206
23 111890.18165831051 1.859920553276166E7 -8379861.288992844 1.7019887942871634E7
2 111999.93011649864 2.152396129483602E7 8932855.875573006 1.2757440313214172E7
5 111999.91620902678 1.253027388466549E7 2.3395735047733482E7 1208687.3922174638
10 111999.91877098802 5056683.587695125 -2.377542928766914E7 1.0723246735087253E7
13 111999.92859807595 1.2380635707958626E7 -1.3482694276976772E7 1.9255282957177695E7
14 111999.91766101033 2.350637988169525E7 7101219.403052002 -1.014159233590715E7
16 111999.92970260241 1.2006800311607052E7 -9567837.98344613 2.1682304532966476E7
17 111999.91781262624 1.4368459276178017E7 2.226836847865872E7 1869826.3523847451
23 111999.93171150643 1.8562179941917695E7 -8014788.993866351 1.7234782866292436E7
