102123.0 40 45 55.0 1 111 50 58.0 -1 1372.0
102232.74 40 45 56.87 1 111 50 56.46 -1 1383.16
102342.48 40 45 58.75 1 111 50 54.93 -1 1394.33
102452.23 40 46 0.63 1 111 50 53.4 -1 1405.5
102561.97 40 46 2.51 1 111 50 51.86 -1 1416.66
102671.72 40 46 4.38 1 111 50 50.33 -1 1427.83
102781.46 40 46 6.26 1 111 50 48.8 -1 1439.0
102891.21 40 46 8.14 1 111 50 47.26 -1 1450.16
103000.95 40 46 10.02 1 111 50 45.73 -1 1461.33
103110.7 40 46 11.9 1 111 50 44.2 -1 1472.5
103220.44 40 46 13.77 1 111 50 42.66 -1 1483.66
103330.18 40 46 15.65 1 111 50 41.13 -1 1494.83
103439.93 40 46 17.53 1 111 50 39.6 -1 1506.0
103549.67 40 46 19.41 1 111 50 38.06 -1 1517.16
103659.42 40 46 21.28 1 111 50 36.53 -1 1528.33
103769.16 40 46 23.16 1 111 50 35.0 -1 1539.5
103878.91 40 46 25.04 1 111 50 33.46 -1 1550.66
103988.65 40 46 26.92 1 111 50 31.93 -1 1561.83
104098.4 40 46 28.8 1 111 50 30.4 -1 1573.0
104208.14 40 46 30.67 1 111 50 28.86 -1 1584.16
104317.88 40 46 32.55 1 111 50 27.33 -1 1595.33
104427.63 40 46 34.43 1 111 50 25.8 -1 1606.5
104537.37 40 46 36.31 1 111 50 24.26 -1 1617.66
104647.12 40 46 38.18 1 111 50 22.73 -1 1628.83
104756.86 40 46 40.06 1 111 50 21.2 -1 1640.0
104866.61 40 46 41.94 1 111 50 19.66 -1 1651.16
104976.35 40 46 43.82 1 111 50 18.13 -1 1662.33
105086.1 40 46 45.7 1 111 50 16.6 -1 1673.5
105195.84 40 46 47.57 1 111 50 15.06 -1 1684.66
105305.58 40 46 49.45 1 111 50 13.53 -1 1695.83
105415.33 40 46 51.33 1 111 50 12.0 -1 1707.0
105525.07 40 46 53.21 1 111 50 10.46 -1 1718.16
105634.82 40 46 55.08 1 111 50 8.93 -1 1729.33
105744.56 40 46 56.96 1 111 50 7.4 -1 1740.5
105854.31 40 46 58.84 1 111 50 5.86 -1 1751.66
105964.05 40 47 0.72 1 111 50 4.33 -1 1762.83
106073.8 40 47 2.6 1 111 50 2.8 -1 1774.0
106183.54 40 47 4.47 1 111 50 1.26 -1 1785.16
106293.28 40 47 6.35 1 111 49 59.73 -1 1796.33
106403.03 40 47 8.23 1 111 49 58.2 -1 1807.5
106512.77 40 47 10.11 1 111 49 56.66 -1 1818.66
106622.52 40 47 11.98 1 111 49 55.13 -1 1829.83
106732.26 40 47 13.86 1 111 49 53.6 -1 1841.0
106842.01 40 47 15.74 1 111 49 52.06 -1 1852.16
106951.75 40 47 17.62 1 111 49 50.53 -1 1863.33
107061.5 40 47 19.5 1 111 49 49.0 -1 1874.5
107171.24 40 47 21.37 1 111 49 47.46 -1 1885.66
107280.98 40 47 23.25 1 111 49 45.93 -1 1896.83
107390.73 40 47 25.13 1 111 49 44.4 -1 1908.0
107500.47 40 47 27.01 1 111 49 42.86 -1 1919.16
107610.22 40 47 28.88 1 111 49 41.33 -1 1930.33
107719.96 40 47 30.76 1 111 49 39.8 -1 1941.5
107829.71 40 47 32.64 1 111 49 38.26 -1 1952.66
107939.45 40 47 34.52 1 111 49 36.73 -1 1963.83
108049.2 40 47 36.4 1 111 49 35.2 -1 1975.0
108158.94 40 47 38.27 1 111 49 33.66 -1 1986.16
108268.68 40 47 40.15 1 111 49 32.13 -1 1997.33
108378.43 40 47 42.03 1 111 49 30.6 -1 2008.5
108488.17 40 47 43.91 1 111 49 29.06 -1 2019.66
108597.92 40 47 45.78 1 111 49 27.53 -1 2030.83
108707.66 40 47 47.66 1 111 49 26.0 -1 2042.0
108817.41 40 47 49.54 1 111 49 24.46 -1 2053.16
108927.15 40 47 51.42 1 111 49 22.93 -1 2064.33
109036.9 40 47 53.3 1 111 49 21.4 -1 2075.5
109146.64 40 47 55.17 1 111 49 19.86 -1 2086.66
109256.38 40 47 57.05 1 111 49 18.33 -1 2097.83
109366.13 40 47 58.93 1 111 49 16.8 -1 2109.0
109475.87 40 48 0.81 1 111 49 15.26 -1 2120.16
109585.62 40 48 2.68 1 111 49 13.73 -1 2131.33
109695.36 40 48 4.56 1 111 49 12.2 -1 2142.5
109805.11 40 48 6.44 1 111 49 10.66 -1 2153.66
109914.85 40 48 8.32 1 111 49 9.13 -1 2164.83
110024.6 40 48 10.2 1 111 49 7.6 -1 2176.0
110134.34 40 48 12.07 1 111 49 6.06 -1 2187.16
110244.08 40 48 13.95 1 111 49 4.53 -1 2198.33
110353.83 40 48 15.83 1 111 49 3.0 -1 2209.5
110463.57 40 48 17.71 1 111 49 1.46 -1 2220.66
110573.32 40 48 19.58 1 111 48 59.93 -1 2231.83
110683.06 40 48 21.46 1 111 48 58.4 -1 2243.0
110792.81 40 48 23.34 1 111 48 56.86 -1 2254.16
110902.55 40 48 25.22 1 111 48 55.33 -1 2265.33
111012.3 40 48 27.1 1 111 48 53.8 -1 2276.5
111122.04 40 48 28.97 1 111 48 52.26 -1 2287.66
111231.78 40 48 30.85 1 111 48 50.73 -1 2298.83
111341.53 40 48 32.73 1 111 48 49.2 -1 2310.0
111451.27 40 48 34.61 1 111 48 47.66 -1 2321.16
111561.02 40 48 36.48 1 111 48 46.13 -1 2332.33
111670.76 40 48 38.36 1 111 48 44.6 -1 2343.5
111780.51 40 48 40.24 1 111 48 43.06 -1 2354.66
111890.25 40 48 42.12 1 111 48 41.53 -1 2365.83
112000.0 40 48 44.0 1 111 48 40.0 -1 2377.0
