2 152.21465397478423 -2.656089840962252E7 -338255.94248974737 -483079.55003540794
5 152.22943075697668 -1.821647604379851E7 -1.5658490232665488E7 1.1349043635470554E7
8 152.23242857750623 -6080255.965584821 -1.6892881938754786E7 1.9582904137457315E7
15 152.23167600027708 -3164379.210982352 -1.5129983276635757E7 2.160785545856889E7
18 152.23097353780912 1718976.8667731152 -2.0524214800063577E7 1.6781860225640368E7
21 152.2201373073644 1.6674752603900235E7 -1.9589752143764105E7 6635008.952909685
5 153.22692759211913 -1.8215845491581462E7 -1.566118134176298E7 1.1346342109588731E7
8 153.23119409703864 -6077676.215291344 -1.6895413330698352E7 1.9581521071344852E7
9 153.21526747547333 1.771091835971535E7 -1.737730904369411E7 -9496399.7660179
15 153.23049207556352 -3160536.6566106523 -1.5130247508471018E7 2.160823282073773E7
18 153.2320640813284 1721699.1393177505 -2.0522332459465437E7 1.6783883035740685E7
21 153.2245770701982 1.6676000324858487E7 -1.958766135335812E7 6638045.128805633
5 154.22252239110193 -1.821521575729572E7 -1.5663866988928828E7 1.134364549555793E7
6 154.2170349554608 4338325.230653997 -1.8495086697648425E7 -1.8572555276539613E7
8 154.22825091607217 -6075100.749844434 -1.689794003434605E7 1.9580139956993792E7
9 154.22087576998797 1.7711809528752252E7 -1.737483097728348E7 -9499271.497784
15 154.22785179827088 -3156699.6380672315 -1.5130511034678768E7 2.1608609175166056E7
18 154.23152839082596 1724416.9530217762 -2.0520452740262102E7 1.6785902202961292E7
21 154.22865465658165 1.6677247238257796E7 -1.9585570896730527E7 6641080.067560154
0 155.21701982742238 2.6560637636550847E7 344926.7607274522 492606.4658049251
3 155.21554867617667 601355.756967183 -1.52345559567901E7 -2.175720072329099E7
5 155.21682661223275 -1.821458645604219E7 -1.5666548825122382E7 1.1340952138422998E7
6 155.21997099515266 4340989.533766127 -1.8492795340049684E7 -1.857421432091678E7
8 155.22379313960033 -6072529.068535284 -1.69004625432706E7 1.9578760527568687E7
9 155.2258786135134 1.7712699780615762E7 -1.7372354029471394E7 -9502141.296416488
12 155.21906947323654 2.6379697041063998E7 -1808421.2210025613 2582693.162124945
15 155.2238497385259 -3152867.79188863 -1.5130773881597977E7 2.1608984559469797E7
18 155.22909492975674 1727129.5696397796 -2.0518576155485377E7 1.6787917180573735E7
21 155.2314826973616 1.6678492242953174E7 -1.9583482622410588E7 6644111.08727671
0 156.22241833872155 2.656054917360152E7 347160.5945993938 495796.7111965314
3 156.2170449798732 605235.2116974815 -1.5234505414573357E7 -2.1757128541524887E7
6 156.22158720490341 4343650.238052902 -1.849050660292622E7 -1.85758707854352E7
8 156.2182840470109 -6069959.975171467 -1.6902982032655507E7 1.957738214277184E7
9 156.2294710737468 1.7713588403406005E7 -1.7369880185284093E7 -9505006.863973089
12 156.22406666394969 2.6380158879762284E7 -1806203.467297552 2579525.8815916907
15 156.2188252734335 -3149039.8127285554 -1.5131036139932228E7 2.1609359103187107E7
18 156.2249167482677 1729837.4054935502 -2.051670241964175E7 1.6789928279626496E7
21 156.23229072359305 1.667973438412988E7 -1.9581398136904337E7 6647135.859864357
0 157.2269806871991 2.6560460213878088E7 349392.5631972422 498984.2927006597
3 157.21760536552097 609111.0281070191 -1.5234454595036663E7 -2.1757055963704858E7
6 157.22182375309697 4346307.1848947955 -1.848822062463992E7 -1.8577524572712887E7
9 157.2310279555433 1.7714474845484022E7 -1.7367410987789884E7 -9507866.416314913
12 157.2280025745411 2.6380619664927464E7 -1803988.0168058537 2576361.8903879365
18 157.21948944137532 1732541.8083109362 -2.0514830602212377E7 1.679193650254685E7
19 157.21404516963733 1.8644399361619808E7 1.2906037432602195E7 1.384375951442678E7
21 157.23072609866952 1.6680973226429828E7 -1.9579318177474916E7 6650153.320406339
0 158.22986403956554 2.6560370834160652E7 351620.7938673728 502166.5358907682
3 158.217447863302 612984.0507170024 -1.5234403487911467E7 -2.1756982975165874E7
6 158.22091346602872 4348960.993046383 -1.8485936874620315E7 -1.8579176069166638E7
7 158.2196478603407 1.821268362701258E7 1.5674646031078923E7 -1.1332816691507451E7
9 158.23035773322758 1.771535893973112E7 -1.7364946911586713E7 -9510719.407849427
12 158.230081434982 2.638107903377347E7 -1801776.625820951 2573203.69676072
19 158.21651031192064 1.8644145863722853E7 1.2909036602139361E7 1.3841304356072525E7
21 158.2270207232717 1.6682209059963716E7 -1.957724226388193E7 6653164.170642371
0 159.23048736419514 2.6560281089581203E7 353843.995656091 505341.59709391184
3 159.2169199924636 616855.625628185 -1.523435207596428E7 -2.1756909551295977E7
6 159.21930631629044 4351612.857935776 -1.848365432544135E7 -1.8580826019658584E7
7 159.22511823551798 1.821204569948491E7 1.5677356643155117E7 -1.1330092117179524E7
9 159.22780415964232 1.7716240992564164E7 -1.7362487111401856E7 -9513566.821144093
10 159.21738112259317 6062211.559341995 1.6910577931005437E7 -1.957322283911754E7
12 159.22984961861397 2.63815367818555E7 -1799570.2956950776 2570052.7307892386
13 159.21584481369214 3137508.949627768 1.5131824177159047E7 -2.1610484536981832E7
19 159.21790663933535 1.8643892238220867E7 1.2912032298512977E7 1.3838851519990575E7
21 159.22186496675914 1.6683442742964802E7 -1.9575168959927406E7 6656170.497597664
0 160.2287929203434 2.6560190989201944E7 356062.0402782417 508509.29309990135
3 160.21641224818188 620727.2653949342 -1.5234300339279639E7 -2.175683566365293E7
6 160.21753861241396 4354264.204132718 -1.8481371751535237E7 -1.858247531096824E7
7 160.2290776392737 1.821140833986608E7 1.5680062845501019E7 -1.132737139412207E7
9 160.22409250181278 1.771712164704118E7 -1.7360029800389197E7 -9516410.727481447
10 160.22295096699315 6059613.32661884 1.691312404215854E7 -1.957182742431075E7
12 160.22741007316213 2.6381992960101236E7 -1797368.799545346 2566908.668451149
13 160.2213517994002 3133640.183996263 1.5132087917817315E7 -2.1610861197677232E7
16 160.21617996993535 -1740690.0703238223 2.0509188126022037E7 -1.679798522892233E7
19 160.21784069992034 1.8643638586277034E7 1.2915023345684068E7 1.3836401971079677E7
21 160.2161197991635 1.6684675344156248E7 -1.9573096472619258E7 6659174.903411376
0 161.22528246968452 2.6560100491236757E7 358276.04255230434 511671.21603452635
3 161.21627762410665 624600.3372857095 -1.5234248259395579E7 -2.1756761285870325E7
6 161.2161118959277 4356916.363670969 -1.8479088006011285E7 -1.8584124771606714E7
7 161.23098295602207 1.8210771895043775E7 1.5682763175864583E7 -1.13246559955263E7
9 161.22005850094502 1.771800164271868E7 -1.7357572918090876E7 -9519253.5128736
10 161.22751085900313 6057017.573320819 1.691566723289131E7 -1.9570432990691606E7
12 161.2233745917792 2.6382447851464678E7 -1795170.7874821126 2563769.5819042474
13 161.22612404351491 3129774.1780248736 1.5132351140698308E7 -2.1611237118910052E7
16 161.2215890851567 -1743423.790684778 2.0507294160957832E7 -1.6800013897095427E7
19 161.2162310326937 1.8643384930348743E7 1.2918009501157636E7 1.3833955910274778E7
0 162.2207887090789 2.656000952242919E7 360487.85255065403 514830.0080749618
3 162.21677348610697 628475.8381289375 -1.523419582242005E7 -2.1756686398108236E7
6 162.21541336644415 4359570.364728227 -1.8476802202759597E7 -1.8585775040488943E7
7 162.23072994599355 1.8210136433700386E7 1.5685457355353097E7 -1.1321946205489468E7
9 162.21644365323826 1.7718881634679925E7 -1.7355114635357685E7 -9522097.29368358
10 162.23055747667323 6054425.600562676 1.691820623028344E7 -1.9569040238535725E7
12 162.2186001888016 2.6382901849322177E7 -1792974.3683247112 2560632.770262634
13 162.22967305366163 3125912.8115379307 1.5132613718774373E7 -2.1611612119265996E7
16 162.22584538263496 -1746154.3390990244 2.0505401927380163E7 -1.6802039878574852E7
0 163.21618838170144 2.6559918003584534E7 362699.4181819764 517988.4511231142
3 163.21802589829377 632354.2561337659 -1.5234143021072486E7 -2.1756610989968963E7
6 163.21567435536787 4362226.821396545 -1.847451381168667E7 -1.858742649860565E7
7 163.22872220391992 1.8209501701588903E7 1.568814647349897E7 -1.1319240931548942E7
10 163.23184182892422 6051838.052452395 1.6920740405786294E7 -1.956764951565365E7
13 163.2316794722662 3122057.3136907103 1.5132875569820084E7 -2.1611986081314996E7
16 163.2284167371903 -1748880.2688312533 2.0503512429831397E7 -1.6804062101337947E7
20 163.2149497241467 -8491930.594779242 -1.4302557502796885E7 -2.071601001431552E7
23 163.2157180815945 -1.6688391891126452E7 1.9566841427727822E7 -6668238.139937646
3 164.2200098640283 636235.4943613659 -1.523408985594804E7 -2.1756535062302455E7
6 164.21695138618992 4364885.883457443 -1.8472222702362277E7 -1.8589079238071635E7
7 164.22570295564557 1.820886722762873E7 1.5690832534270076E7 -1.1316538160085013E7
10 164.23147887566685 6049254.632621799 1.6923270052143678E7 -1.9566260664534267E7
13 164.23210973126922 3118207.8140394264 1.513313668656639E7 -2.1612358994675756E7
16 164.22907908791964 -1751600.970816266 2.0501626092985645E7 -1.680608011533403E7
20 164.21815200800154 -8489488.836324437 -1.430542016172031E7 -2.0715034167366195E7
23 164.2179294857664 -1.6689632934210356E7 1.9564750687452555E7 -6671266.0207583895
3 165.2225403463647 640118.8359525297 -1.5234036336243482E7 -2.175645862824307E7
6 165.21911784361708 4367547.214340134 -1.8469929163430285E7 -1.8590733048725042E7
7 165.2224927419149 1.8208232490341615E7 1.5693517748906828E7 -1.1313835667137584E7
10 165.22991301391394 6046674.193195006 1.6925796295415748E7 -1.956487306956067E7
13 165.23123904044982 3114363.2539883126 1.513339714222855E7 -2.1612730963910516E7
16 165.2280219433029 -1754316.960453718 2.0499742562018104E7 -1.680809430464465E7
17 165.21579936926076 -1.864236481712271E7 -1.2929969342948593E7 -1.382415400942477E7
20 165.22153930012112 -8487046.445786256 -1.4308283042256111E7 -2.0714057696895923E7
23 165.21827657563338 -1.6690871313139461E7 1.956266341955482E7 -6674288.126984772
3 166.22527494290546 644002.954499674 -1.523398247987326E7 -2.175638171337529E7
6 166.22186253139995 4370209.9873770615 -1.8467633906270757E7 -1.859238741611116E7
7 166.219799241635 1.8207597038915474E7 1.5696204023579506E7 -1.1311131533990018E7
9 166.21406712664506 1.772240851168597E7 -1.734524800927506E7 -9533504.880275682
10 166.22775761523934 6044095.149321683 1.6928320688471437E7 -1.956348587943356E7
13 166.2295538458108 3110521.762028561 1.513365706462973E7 -2.161310217156967E7
16 166.22578048679276 -1757029.6929391117 2.0497860829765063E7 -1.6810105749884307E7
17 166.2187794233875 -1.8642108006430037E7 -1.2932967847509356E7 -1.3821695228605874E7
20 166.22458821332015 -8484604.697259156 -1.4311144651076613E7 -2.0713081112374112E7
23 166.21687641878134 -1.6692107174735043E7 1.9560579382067513E7 -6677304.812989595
3 167.2277381802959 647886.0081627099 -1.5233928312408727E7 -2.1756304354218785E7
6 167.2247016160575 4372872.917604994 -1.8465338038017944E7 -1.8594041541547243E7
7 167.2181331549138 1.820696054706742E7 1.5698892733045872E7 -1.130842437541279E7
9 167.21661371934735 1.772329205704754E7 -1.7342772676216267E7 -9536365.231169691
10 167.2256180258999 6041515.936580084 1.6930844762999196E7 -1.9562098252995558E7
13 167.22759827995603 3106681.244539763 1.5133916595958443E7 -2.161347282071946E7
16 167.223043283981 -1759741.0403993675 2.0495979598756097E7 -1.6812115840032987E7
17 167.22033563542138 -1.864185116227368E7 -1.29359618192214E7 -1.3819239643188102E7
20 167.22672157100283 -8482164.996172063 -1.4314003342061572E7 -2.0712104976601094E7
23 167.21422145513185 -1.6693341130008493E7 1.955849754920403E7 -6680317.566966901
